This file contains any messages produced by compilers while
running configure, to aid debugging if configure makes a mistake.

It was created by love configure 11.3, which was
generated by GNU Autoconf 2.69.  Invocation command line was

  $ ./configure --bindir=/opt/gcw0-toolchain/usr/bin:/opt/gcw0-toolchain/usr/mipsel-gcw0-linux-uclibc/sysroot/usr/bin --libdir=/opt/gcw0-toolchain/usr/lib:/opt/gcw0-toolchain/usr/mipsel-gcw0-linux-uclibc/sysroot/usr/lib --includedir=/opt/gcw0-toolchain/usr/include:/opt/gcw0-toolchain/usr/mipsel-gcw0-linux-uclibc/sysroot/usr/include --datarootdir=/opt/gcw0-toolchain/usr/share:/opt/gcw0-toolchain/usr/mipsel-gcw0-linux-uclibc/sysroot/usr/share --build=mips --host=mipsel-linux --with-lua=lua --with-luaversion=5.4

## --------- ##
## Platform. ##
## --------- ##

hostname = bbruno5-VirtualBox
uname -m = x86_64
uname -r = 5.4.0-37-generic
uname -s = Linux
uname -v = #41-Ubuntu SMP Wed Jun 3 18:57:02 UTC 2020

/usr/bin/uname -p = x86_64
/bin/uname -X     = unknown

/bin/arch              = x86_64
/usr/bin/arch -k       = unknown
/usr/convex/getsysinfo = unknown
/usr/bin/hostinfo      = unknown
/bin/machine           = unknown
/usr/bin/oslevel       = unknown
/bin/universe          = unknown

PATH: /usr/local/sbin
PATH: /usr/local/bin
PATH: /usr/sbin
PATH: /usr/bin
PATH: /sbin
PATH: /bin
PATH: /usr/games
PATH: /usr/local/games
PATH: /snap/bin
PATH: /opt/gcw0-toolchain/usr/bin
PATH: /opt/gcw0-toolchain/usr/mipsel-gcw0-linux-uclibc/sysroot/usr/bin


## ----------- ##
## Core tests. ##
## ----------- ##

configure:2925: checking for a BSD-compatible install
configure:2993: result: /usr/bin/install -c
configure:3004: checking whether build environment is sane
configure:3059: result: yes
configure:3116: checking for mipsel-linux-strip
configure:3132: found /opt/gcw0-toolchain/usr/bin/mipsel-linux-strip
configure:3143: result: mipsel-linux-strip
configure:3208: checking for a thread-safe mkdir -p
configure:3247: result: /usr/bin/mkdir -p
configure:3254: checking for gawk
configure:3270: found /opt/gcw0-toolchain/usr/bin/gawk
configure:3281: result: gawk
configure:3292: checking whether make sets $(MAKE)
configure:3314: result: yes
configure:3343: checking whether make supports nested variables
configure:3360: result: yes
configure:3449: checking whether UID '1000' is supported by ustar format
configure:3452: result: yes
configure:3459: checking whether GID '1000' is supported by ustar format
configure:3462: result: yes
configure:3470: checking how to create a ustar tar archive
configure:3481: tar --version
tar (GNU tar) 1.30
Copyright (C) 2017 Free Software Foundation, Inc.
License GPLv3+: GNU GPL version 3 or later <https://gnu.org/licenses/gpl.html>.
This is free software: you are free to change and redistribute it.
There is NO WARRANTY, to the extent permitted by law.

Written by John Gilmore and Jay Fenlason.
configure:3484: $? = 0
configure:3524: tardir=conftest.dir && eval tar --format=ustar -chf - "$tardir" >conftest.tar
configure:3527: $? = 0
configure:3531: tar -xf - <conftest.tar
configure:3534: $? = 0
configure:3536: cat conftest.dir/file
GrepMe
configure:3539: $? = 0
configure:3552: result: gnutar
configure:3612: checking whether make supports nested variables
configure:3629: result: yes
configure:3653: checking for style of include used by make
configure:3681: result: GNU
configure:3712: checking for mipsel-linux-gcc
configure:3739: result: /opt/gcw0-toolchain/usr/bin/mipsel-linux-gcc
configure:4008: checking for C compiler version
configure:4017: /opt/gcw0-toolchain/usr/bin/mipsel-linux-gcc --version >&5
mipsel-linux-gcc (Buildroot 2014.05-gbb847d4) 4.9.1
Copyright (C) 2014 Free Software Foundation, Inc.
This is free software; see the source for copying conditions.  There is NO
warranty; not even for MERCHANTABILITY or FITNESS FOR A PARTICULAR PURPOSE.

configure:4028: $? = 0
configure:4017: /opt/gcw0-toolchain/usr/bin/mipsel-linux-gcc -v >&5
Using built-in specs.
COLLECT_GCC=/opt/gcw0-toolchain/usr/bin/mipsel-linux-gcc
COLLECT_LTO_WRAPPER=/opt/gcw0-toolchain/usr/libexec/gcc/mipsel-gcw0-linux-uclibc/4.9.1/lto-wrapper
Target: mipsel-gcw0-linux-uclibc
Configured with: ./configure --prefix=/opt/gcw0-toolchain/usr --sysconfdir=/opt/gcw0-toolchain/etc --enable-shared --enable-static --target=mipsel-gcw0-linux-uclibc --with-sysroot=/opt/gcw0-toolchain/usr/mipsel-gcw0-linux-uclibc/sysroot --disable-__cxa_atexit --with-gnu-ld --disable-libssp --disable-multilib --with-gmp=/opt/gcw0-toolchain/usr --with-mpfr=/opt/gcw0-toolchain/usr --enable-target-optspace --disable-libsanitizer --enable-tls --disable-libmudflap --enable-threads --with-mpc=/opt/gcw0-toolchain/usr --disable-decimal-float --with-arch=mips32r2 --with-tune=mips32r2 --with-abi=32 --with-pkgversion='Buildroot 2014.05-gbb847d4' --with-bugurl=http://bugs.buildroot.net/ --enable-languages=c,c++ --with-build-time-tools=/opt/gcw0-toolchain/usr/mipsel-gcw0-linux-uclibc/bin --disable-libgomp --enable-lto
Thread model: posix
gcc version 4.9.1 (Buildroot 2014.05-gbb847d4) 
configure:4028: $? = 0
configure:4017: /opt/gcw0-toolchain/usr/bin/mipsel-linux-gcc -V >&5
mipsel-linux-gcc: error: unrecognized command line option '-V'
mipsel-linux-gcc: fatal error: no input files
compilation terminated.
configure:4028: $? = 1
configure:4017: /opt/gcw0-toolchain/usr/bin/mipsel-linux-gcc -qversion >&5
mipsel-linux-gcc: error: unrecognized command line option '-qversion'
mipsel-linux-gcc: fatal error: no input files
compilation terminated.
configure:4028: $? = 1
configure:4048: checking whether the C compiler works
configure:4070: /opt/gcw0-toolchain/usr/bin/mipsel-linux-gcc -Wall -mips32 -O3 -Wextra -fthread-jumps -fexpensive-optimizations -ffast-math -I/opt/gcw0-toolchain/usr/mipsel-gcw0-linux-uclibc/sysroot/usr/include/lua -I/opt/gcw0-toolchain/usr/include -D_GLIBCXX_USE_C99 -L/opt/gcw0-toolchain/usr/mipsel-gcw0-linux-uclibc/sysroot/opt/gcw0-toolchain/usr/mipsel-gcw0-linux-uclibc/sysroot/usr/lib -llua conftest.c  >&5
configure:4074: $? = 0
configure:4122: result: yes
configure:4125: checking for C compiler default output file name
configure:4127: result: a.out
configure:4133: checking for suffix of executables
configure:4140: /opt/gcw0-toolchain/usr/bin/mipsel-linux-gcc -o conftest -Wall -mips32 -O3 -Wextra -fthread-jumps -fexpensive-optimizations -ffast-math -I/opt/gcw0-toolchain/usr/mipsel-gcw0-linux-uclibc/sysroot/usr/include/lua -I/opt/gcw0-toolchain/usr/include -D_GLIBCXX_USE_C99 -L/opt/gcw0-toolchain/usr/mipsel-gcw0-linux-uclibc/sysroot/opt/gcw0-toolchain/usr/mipsel-gcw0-linux-uclibc/sysroot/usr/lib -llua conftest.c  >&5
configure:4144: $? = 0
configure:4166: result: 
configure:4188: checking whether we are cross compiling
configure:4226: result: yes
configure:4231: checking for suffix of object files
configure:4253: /opt/gcw0-toolchain/usr/bin/mipsel-linux-gcc -c -Wall -mips32 -O3 -Wextra -fthread-jumps -fexpensive-optimizations -ffast-math -I/opt/gcw0-toolchain/usr/mipsel-gcw0-linux-uclibc/sysroot/usr/include/lua -I/opt/gcw0-toolchain/usr/include -D_GLIBCXX_USE_C99 conftest.c >&5
configure:4257: $? = 0
configure:4278: result: o
configure:4282: checking whether we are using the GNU C compiler
configure:4301: /opt/gcw0-toolchain/usr/bin/mipsel-linux-gcc -c -Wall -mips32 -O3 -Wextra -fthread-jumps -fexpensive-optimizations -ffast-math -I/opt/gcw0-toolchain/usr/mipsel-gcw0-linux-uclibc/sysroot/usr/include/lua -I/opt/gcw0-toolchain/usr/include -D_GLIBCXX_USE_C99 conftest.c >&5
configure:4301: $? = 0
configure:4310: result: yes
configure:4319: checking whether /opt/gcw0-toolchain/usr/bin/mipsel-linux-gcc accepts -g
configure:4339: /opt/gcw0-toolchain/usr/bin/mipsel-linux-gcc -c -g -D_GLIBCXX_USE_C99 conftest.c >&5
configure:4339: $? = 0
configure:4380: result: yes
configure:4397: checking for /opt/gcw0-toolchain/usr/bin/mipsel-linux-gcc option to accept ISO C89
configure:4460: /opt/gcw0-toolchain/usr/bin/mipsel-linux-gcc  -c -Wall -mips32 -O3 -Wextra -fthread-jumps -fexpensive-optimizations -ffast-math -I/opt/gcw0-toolchain/usr/mipsel-gcw0-linux-uclibc/sysroot/usr/include/lua -I/opt/gcw0-toolchain/usr/include -D_GLIBCXX_USE_C99 conftest.c >&5
configure:4460: $? = 0
configure:4473: result: none needed
configure:4498: checking whether /opt/gcw0-toolchain/usr/bin/mipsel-linux-gcc understands -c and -o together
configure:4520: /opt/gcw0-toolchain/usr/bin/mipsel-linux-gcc -c conftest.c -o conftest2.o
configure:4523: $? = 0
configure:4520: /opt/gcw0-toolchain/usr/bin/mipsel-linux-gcc -c conftest.c -o conftest2.o
configure:4523: $? = 0
configure:4535: result: yes
configure:4554: checking dependency style of /opt/gcw0-toolchain/usr/bin/mipsel-linux-gcc
configure:4665: result: gcc3
configure:4686: checking for mipsel-linux-ar
configure:4702: found /opt/gcw0-toolchain/usr/bin/mipsel-linux-ar
configure:4713: result: mipsel-linux-ar
configure:4783: checking the archiver (mipsel-linux-ar) interface
configure:4799: /opt/gcw0-toolchain/usr/bin/mipsel-linux-gcc -c -Wall -mips32 -O3 -Wextra -fthread-jumps -fexpensive-optimizations -ffast-math -I/opt/gcw0-toolchain/usr/mipsel-gcw0-linux-uclibc/sysroot/usr/include/lua -I/opt/gcw0-toolchain/usr/include -D_GLIBCXX_USE_C99 conftest.c >&5
configure:4799: $? = 0
configure:4801: mipsel-linux-ar cru libconftest.a conftest.o >&5
configure:4804: $? = 0
configure:4803: result: ar
configure:4852: checking build system type
configure:4866: result: mips-unknown-elf
configure:4886: checking host system type
configure:4899: result: mipsel-unknown-linux-gnu
configure:4940: checking how to print strings
configure:4967: result: printf
configure:4988: checking for a sed that does not truncate output
configure:5052: result: /usr/bin/sed
configure:5070: checking for grep that handles long lines and -e
configure:5128: result: /usr/bin/grep
configure:5133: checking for egrep
configure:5195: result: /usr/bin/grep -E
configure:5200: checking for fgrep
configure:5262: result: /usr/bin/grep -F
configure:5297: checking for ld used by /opt/gcw0-toolchain/usr/bin/mipsel-linux-gcc
configure:5364: result: /opt/gcw0-toolchain/usr/mipsel-gcw0-linux-uclibc/bin/ld
configure:5371: checking if the linker (/opt/gcw0-toolchain/usr/mipsel-gcw0-linux-uclibc/bin/ld) is GNU ld
configure:5386: result: yes
configure:5398: checking for BSD- or MS-compatible name lister (nm)
configure:5447: result: /opt/gcw0-toolchain/usr/bin/mipsel-linux-nm -B
configure:5577: checking the name lister (/opt/gcw0-toolchain/usr/bin/mipsel-linux-nm -B) interface
configure:5584: /opt/gcw0-toolchain/usr/bin/mipsel-linux-gcc -c -Wall -mips32 -O3 -Wextra -fthread-jumps -fexpensive-optimizations -ffast-math -I/opt/gcw0-toolchain/usr/mipsel-gcw0-linux-uclibc/sysroot/usr/include/lua -I/opt/gcw0-toolchain/usr/include -D_GLIBCXX_USE_C99 conftest.c >&5
configure:5587: /opt/gcw0-toolchain/usr/bin/mipsel-linux-nm -B "conftest.o"
configure:5590: output
00000000 B some_variable
configure:5591: result: BSD nm
configure:5594: checking whether ln -s works
configure:5598: result: yes
configure:5606: checking the maximum length of command line arguments
configure:5736: result: 1572864
configure:5753: checking whether the shell understands some XSI constructs
configure:5762: result: yes
configure:5766: checking whether the shell understands "+="
configure:5770: result: yes
configure:5805: checking how to convert mips-unknown-elf file names to mipsel-unknown-linux-gnu format
configure:5845: result: func_convert_file_noop
configure:5852: checking how to convert mips-unknown-elf file names to toolchain format
configure:5872: result: func_convert_file_noop
configure:5879: checking for /opt/gcw0-toolchain/usr/mipsel-gcw0-linux-uclibc/bin/ld option to reload object files
configure:5886: result: -r
configure:5920: checking for mipsel-linux-objdump
configure:5936: found /opt/gcw0-toolchain/usr/bin/mipsel-linux-objdump
configure:5947: result: mipsel-linux-objdump
configure:6019: checking how to recognize dependent libraries
configure:6221: result: pass_all
configure:6266: checking for mipsel-linux-dlltool
configure:6296: result: no
configure:6306: checking for dlltool
configure:6336: result: no
configure:6366: checking how to associate runtime and link libraries
configure:6393: result: printf %s\n
configure:6409: checking for mipsel-linux-ar
configure:6436: result: mipsel-linux-ar
configure:6517: checking for archiver @FILE support
configure:6534: /opt/gcw0-toolchain/usr/bin/mipsel-linux-gcc -c -Wall -mips32 -O3 -Wextra -fthread-jumps -fexpensive-optimizations -ffast-math -I/opt/gcw0-toolchain/usr/mipsel-gcw0-linux-uclibc/sysroot/usr/include/lua -I/opt/gcw0-toolchain/usr/include -D_GLIBCXX_USE_C99 conftest.c >&5
configure:6534: $? = 0
configure:6537: mipsel-linux-ar cru libconftest.a @conftest.lst >&5
configure:6540: $? = 0
configure:6545: mipsel-linux-ar cru libconftest.a @conftest.lst >&5
mipsel-linux-ar: conftest.o: No such file or directory
configure:6548: $? = 1
configure:6547: result: @
configure:6565: checking for mipsel-linux-strip
configure:6592: result: mipsel-linux-strip
configure:6664: checking for mipsel-linux-ranlib
configure:6680: found /opt/gcw0-toolchain/usr/bin/mipsel-linux-ranlib
configure:6691: result: mipsel-linux-ranlib
configure:6833: checking command to parse /opt/gcw0-toolchain/usr/bin/mipsel-linux-nm -B output from /opt/gcw0-toolchain/usr/bin/mipsel-linux-gcc object
configure:6953: /opt/gcw0-toolchain/usr/bin/mipsel-linux-gcc -c -Wall -mips32 -O3 -Wextra -fthread-jumps -fexpensive-optimizations -ffast-math -I/opt/gcw0-toolchain/usr/mipsel-gcw0-linux-uclibc/sysroot/usr/include/lua -I/opt/gcw0-toolchain/usr/include -D_GLIBCXX_USE_C99 conftest.c >&5
configure:6956: $? = 0
configure:6960: /opt/gcw0-toolchain/usr/bin/mipsel-linux-nm -B conftest.o \| sed -n -e 's/^.*[ ]\([ABCDGIRSTW][ABCDGIRSTW]*\)[ ][ ]*\([_A-Za-z][_A-Za-z0-9]*\)$/\1 \2 \2/p' | sed '/ __gnu_lto/d' \> conftest.nm
configure:6963: $? = 0
configure:7029: /opt/gcw0-toolchain/usr/bin/mipsel-linux-gcc -o conftest -Wall -mips32 -O3 -Wextra -fthread-jumps -fexpensive-optimizations -ffast-math -I/opt/gcw0-toolchain/usr/mipsel-gcw0-linux-uclibc/sysroot/usr/include/lua -I/opt/gcw0-toolchain/usr/include -D_GLIBCXX_USE_C99 -L/opt/gcw0-toolchain/usr/mipsel-gcw0-linux-uclibc/sysroot/opt/gcw0-toolchain/usr/mipsel-gcw0-linux-uclibc/sysroot/usr/lib -llua conftest.c conftstm.o >&5
configure:7032: $? = 0
configure:7070: result: ok
configure:7107: checking for sysroot
configure:7137: result: no
configure:7389: checking for mipsel-linux-mt
configure:7419: result: no
configure:7429: checking for mt
configure:7445: found /usr/bin/mt
configure:7456: result: mt
configure:7468: WARNING: using cross tools not prefixed with host triplet
configure:7479: checking if mt is a manifest tool
configure:7485: mt '-?'
configure:7493: result: no
configure:8135: checking how to run the C preprocessor
configure:8166: /opt/gcw0-toolchain/usr/bin/mipsel-linux-gcc -E -D_GLIBCXX_USE_C99 conftest.c
configure:8166: $? = 0
configure:8180: /opt/gcw0-toolchain/usr/bin/mipsel-linux-gcc -E -D_GLIBCXX_USE_C99 conftest.c
conftest.c:11:28: fatal error: ac_nonexistent.h: No such file or directory
 #include <ac_nonexistent.h>
                            ^
compilation terminated.
configure:8180: $? = 1
configure: failed program was:
| /* confdefs.h */
| #define PACKAGE_NAME "love"
| #define PACKAGE_TARNAME "love"
| #define PACKAGE_VERSION "11.3"
| #define PACKAGE_STRING "love 11.3"
| #define PACKAGE_BUGREPORT ""
| #define PACKAGE_URL ""
| #define PACKAGE "love"
| #define VERSION "11.3"
| /* end confdefs.h.  */
| #include <ac_nonexistent.h>
configure:8205: result: /opt/gcw0-toolchain/usr/bin/mipsel-linux-gcc -E
configure:8225: /opt/gcw0-toolchain/usr/bin/mipsel-linux-gcc -E -D_GLIBCXX_USE_C99 conftest.c
configure:8225: $? = 0
configure:8239: /opt/gcw0-toolchain/usr/bin/mipsel-linux-gcc -E -D_GLIBCXX_USE_C99 conftest.c
conftest.c:11:28: fatal error: ac_nonexistent.h: No such file or directory
 #include <ac_nonexistent.h>
                            ^
compilation terminated.
configure:8239: $? = 1
configure: failed program was:
| /* confdefs.h */
| #define PACKAGE_NAME "love"
| #define PACKAGE_TARNAME "love"
| #define PACKAGE_VERSION "11.3"
| #define PACKAGE_STRING "love 11.3"
| #define PACKAGE_BUGREPORT ""
| #define PACKAGE_URL ""
| #define PACKAGE "love"
| #define VERSION "11.3"
| /* end confdefs.h.  */
| #include <ac_nonexistent.h>
configure:8268: checking for ANSI C header files
configure:8288: /opt/gcw0-toolchain/usr/bin/mipsel-linux-gcc -c -Wall -mips32 -O3 -Wextra -fthread-jumps -fexpensive-optimizations -ffast-math -I/opt/gcw0-toolchain/usr/mipsel-gcw0-linux-uclibc/sysroot/usr/include/lua -I/opt/gcw0-toolchain/usr/include -D_GLIBCXX_USE_C99 conftest.c >&5
configure:8288: $? = 0
configure:8372: result: yes
configure:8385: checking for sys/types.h
configure:8385: /opt/gcw0-toolchain/usr/bin/mipsel-linux-gcc -c -Wall -mips32 -O3 -Wextra -fthread-jumps -fexpensive-optimizations -ffast-math -I/opt/gcw0-toolchain/usr/mipsel-gcw0-linux-uclibc/sysroot/usr/include/lua -I/opt/gcw0-toolchain/usr/include -D_GLIBCXX_USE_C99 conftest.c >&5
configure:8385: $? = 0
configure:8385: result: yes
configure:8385: checking for sys/stat.h
configure:8385: /opt/gcw0-toolchain/usr/bin/mipsel-linux-gcc -c -Wall -mips32 -O3 -Wextra -fthread-jumps -fexpensive-optimizations -ffast-math -I/opt/gcw0-toolchain/usr/mipsel-gcw0-linux-uclibc/sysroot/usr/include/lua -I/opt/gcw0-toolchain/usr/include -D_GLIBCXX_USE_C99 conftest.c >&5
configure:8385: $? = 0
configure:8385: result: yes
configure:8385: checking for stdlib.h
configure:8385: /opt/gcw0-toolchain/usr/bin/mipsel-linux-gcc -c -Wall -mips32 -O3 -Wextra -fthread-jumps -fexpensive-optimizations -ffast-math -I/opt/gcw0-toolchain/usr/mipsel-gcw0-linux-uclibc/sysroot/usr/include/lua -I/opt/gcw0-toolchain/usr/include -D_GLIBCXX_USE_C99 conftest.c >&5
configure:8385: $? = 0
configure:8385: result: yes
configure:8385: checking for string.h
configure:8385: /opt/gcw0-toolchain/usr/bin/mipsel-linux-gcc -c -Wall -mips32 -O3 -Wextra -fthread-jumps -fexpensive-optimizations -ffast-math -I/opt/gcw0-toolchain/usr/mipsel-gcw0-linux-uclibc/sysroot/usr/include/lua -I/opt/gcw0-toolchain/usr/include -D_GLIBCXX_USE_C99 conftest.c >&5
configure:8385: $? = 0
configure:8385: result: yes
configure:8385: checking for memory.h
configure:8385: /opt/gcw0-toolchain/usr/bin/mipsel-linux-gcc -c -Wall -mips32 -O3 -Wextra -fthread-jumps -fexpensive-optimizations -ffast-math -I/opt/gcw0-toolchain/usr/mipsel-gcw0-linux-uclibc/sysroot/usr/include/lua -I/opt/gcw0-toolchain/usr/include -D_GLIBCXX_USE_C99 conftest.c >&5
configure:8385: $? = 0
configure:8385: result: yes
configure:8385: checking for strings.h
configure:8385: /opt/gcw0-toolchain/usr/bin/mipsel-linux-gcc -c -Wall -mips32 -O3 -Wextra -fthread-jumps -fexpensive-optimizations -ffast-math -I/opt/gcw0-toolchain/usr/mipsel-gcw0-linux-uclibc/sysroot/usr/include/lua -I/opt/gcw0-toolchain/usr/include -D_GLIBCXX_USE_C99 conftest.c >&5
configure:8385: $? = 0
configure:8385: result: yes
configure:8385: checking for inttypes.h
configure:8385: /opt/gcw0-toolchain/usr/bin/mipsel-linux-gcc -c -Wall -mips32 -O3 -Wextra -fthread-jumps -fexpensive-optimizations -ffast-math -I/opt/gcw0-toolchain/usr/mipsel-gcw0-linux-uclibc/sysroot/usr/include/lua -I/opt/gcw0-toolchain/usr/include -D_GLIBCXX_USE_C99 conftest.c >&5
configure:8385: $? = 0
configure:8385: result: yes
configure:8385: checking for stdint.h
configure:8385: /opt/gcw0-toolchain/usr/bin/mipsel-linux-gcc -c -Wall -mips32 -O3 -Wextra -fthread-jumps -fexpensive-optimizations -ffast-math -I/opt/gcw0-toolchain/usr/mipsel-gcw0-linux-uclibc/sysroot/usr/include/lua -I/opt/gcw0-toolchain/usr/include -D_GLIBCXX_USE_C99 conftest.c >&5
configure:8385: $? = 0
configure:8385: result: yes
configure:8385: checking for unistd.h
configure:8385: /opt/gcw0-toolchain/usr/bin/mipsel-linux-gcc -c -Wall -mips32 -O3 -Wextra -fthread-jumps -fexpensive-optimizations -ffast-math -I/opt/gcw0-toolchain/usr/mipsel-gcw0-linux-uclibc/sysroot/usr/include/lua -I/opt/gcw0-toolchain/usr/include -D_GLIBCXX_USE_C99 conftest.c >&5
configure:8385: $? = 0
configure:8385: result: yes
configure:8399: checking for dlfcn.h
configure:8399: /opt/gcw0-toolchain/usr/bin/mipsel-linux-gcc -c -Wall -mips32 -O3 -Wextra -fthread-jumps -fexpensive-optimizations -ffast-math -I/opt/gcw0-toolchain/usr/mipsel-gcw0-linux-uclibc/sysroot/usr/include/lua -I/opt/gcw0-toolchain/usr/include -D_GLIBCXX_USE_C99 conftest.c >&5
configure:8399: $? = 0
configure:8399: result: yes
configure:8604: checking for objdir
configure:8619: result: .libs
configure:8890: checking if /opt/gcw0-toolchain/usr/bin/mipsel-linux-gcc supports -fno-rtti -fno-exceptions
configure:8908: /opt/gcw0-toolchain/usr/bin/mipsel-linux-gcc -c -Wall -mips32 -O3 -Wextra -fthread-jumps -fexpensive-optimizations -ffast-math -I/opt/gcw0-toolchain/usr/mipsel-gcw0-linux-uclibc/sysroot/usr/include/lua -I/opt/gcw0-toolchain/usr/include -D_GLIBCXX_USE_C99 -fno-rtti -fno-exceptions conftest.c >&5
cc1: warning: command line option '-fno-rtti' is valid for C++/ObjC++ but not for C
configure:8912: $? = 0
configure:8925: result: no
configure:9252: checking for /opt/gcw0-toolchain/usr/bin/mipsel-linux-gcc option to produce PIC
configure:9259: result: -fPIC -DPIC
configure:9267: checking if /opt/gcw0-toolchain/usr/bin/mipsel-linux-gcc PIC flag -fPIC -DPIC works
configure:9285: /opt/gcw0-toolchain/usr/bin/mipsel-linux-gcc -c -Wall -mips32 -O3 -Wextra -fthread-jumps -fexpensive-optimizations -ffast-math -I/opt/gcw0-toolchain/usr/mipsel-gcw0-linux-uclibc/sysroot/usr/include/lua -I/opt/gcw0-toolchain/usr/include -D_GLIBCXX_USE_C99 -fPIC -DPIC -DPIC conftest.c >&5
configure:9289: $? = 0
configure:9302: result: yes
configure:9331: checking if /opt/gcw0-toolchain/usr/bin/mipsel-linux-gcc static flag -static works
configure:9359: result: yes
configure:9374: checking if /opt/gcw0-toolchain/usr/bin/mipsel-linux-gcc supports -c -o file.o
configure:9395: /opt/gcw0-toolchain/usr/bin/mipsel-linux-gcc -c -Wall -mips32 -O3 -Wextra -fthread-jumps -fexpensive-optimizations -ffast-math -I/opt/gcw0-toolchain/usr/mipsel-gcw0-linux-uclibc/sysroot/usr/include/lua -I/opt/gcw0-toolchain/usr/include -D_GLIBCXX_USE_C99 -o out/conftest2.o conftest.c >&5
configure:9399: $? = 0
configure:9421: result: yes
configure:9429: checking if /opt/gcw0-toolchain/usr/bin/mipsel-linux-gcc supports -c -o file.o
configure:9476: result: yes
configure:9509: checking whether the /opt/gcw0-toolchain/usr/bin/mipsel-linux-gcc linker (/opt/gcw0-toolchain/usr/mipsel-gcw0-linux-uclibc/bin/ld) supports shared libraries
configure:10662: result: yes
configure:10699: checking whether -lc should be explicitly linked in
configure:10707: /opt/gcw0-toolchain/usr/bin/mipsel-linux-gcc -c -Wall -mips32 -O3 -Wextra -fthread-jumps -fexpensive-optimizations -ffast-math -I/opt/gcw0-toolchain/usr/mipsel-gcw0-linux-uclibc/sysroot/usr/include/lua -I/opt/gcw0-toolchain/usr/include -D_GLIBCXX_USE_C99 conftest.c >&5
configure:10710: $? = 0
configure:10725: /opt/gcw0-toolchain/usr/bin/mipsel-linux-gcc -shared  -fPIC -DPIC conftest.o  -v -Wl,-soname -Wl,conftest -o conftest 2\>\&1 \| /usr/bin/grep  -lc  \>/dev/null 2\>\&1
configure:10728: $? = 0
configure:10742: result: no
configure:10902: checking dynamic linker characteristics
configure:11413: /opt/gcw0-toolchain/usr/bin/mipsel-linux-gcc -o conftest -Wall -mips32 -O3 -Wextra -fthread-jumps -fexpensive-optimizations -ffast-math -I/opt/gcw0-toolchain/usr/mipsel-gcw0-linux-uclibc/sysroot/usr/include/lua -I/opt/gcw0-toolchain/usr/include -D_GLIBCXX_USE_C99 -L/opt/gcw0-toolchain/usr/mipsel-gcw0-linux-uclibc/sysroot/opt/gcw0-toolchain/usr/mipsel-gcw0-linux-uclibc/sysroot/usr/lib -llua -Wl,-rpath -Wl,/foo conftest.c  >&5
configure:11413: $? = 0
configure:11635: result: GNU/Linux ld.so
configure:11742: checking how to hardcode library paths into programs
configure:11767: result: immediate
configure:12307: checking whether stripping libraries is possible
configure:12312: result: yes
configure:12347: checking if libtool supports shared libraries
configure:12349: result: yes
configure:12352: checking whether to build shared libraries
configure:12373: result: yes
configure:12376: checking whether to build static libraries
configure:12380: result: no
configure:9435: checking for mipsel-linux-gcc
configure:9462: result: /opt/gcw0-toolchain/usr/bin/mipsel-linux-gcc
configure:9731: checking for C compiler version
configure:9740: /opt/gcw0-toolchain/usr/bin/mipsel-linux-gcc --version >&5
mipsel-linux-gcc (Buildroot 2014.05-gbb847d4) 4.9.1
Copyright (C) 2014 Free Software Foundation, Inc.
This is free software; see the source for copying conditions.  There is NO
warranty; not even for MERCHANTABILITY or FITNESS FOR A PARTICULAR PURPOSE.

configure:9751: $? = 0
configure:9740: /opt/gcw0-toolchain/usr/bin/mipsel-linux-gcc -v >&5
Using built-in specs.
COLLECT_GCC=/opt/gcw0-toolchain/usr/bin/mipsel-linux-gcc
COLLECT_LTO_WRAPPER=/opt/gcw0-toolchain/usr/libexec/gcc/mipsel-gcw0-linux-uclibc/4.9.1/lto-wrapper
Target: mipsel-gcw0-linux-uclibc
Configured with: ./configure --prefix=/opt/gcw0-toolchain/usr --sysconfdir=/opt/gcw0-toolchain/etc --enable-shared --enable-static --target=mipsel-gcw0-linux-uclibc --with-sysroot=/opt/gcw0-toolchain/usr/mipsel-gcw0-linux-uclibc/sysroot --disable-__cxa_atexit --with-gnu-ld --disable-libssp --disable-multilib --with-gmp=/opt/gcw0-toolchain/usr --with-mpfr=/opt/gcw0-toolchain/usr --enable-target-optspace --disable-libsanitizer --enable-tls --disable-libmudflap --enable-threads --with-mpc=/opt/gcw0-toolchain/usr --disable-decimal-float --with-arch=mips32r2 --with-tune=mips32r2 --with-abi=32 --with-pkgversion='Buildroot 2014.05-gbb847d4' --with-bugurl=http://bugs.buildroot.net/ --enable-languages=c,c++ --with-build-time-tools=/opt/gcw0-toolchain/usr/mipsel-gcw0-linux-uclibc/bin --disable-libgomp --enable-lto
Thread model: posix
gcc version 4.9.1 (Buildroot 2014.05-gbb847d4) 
configure:9751: $? = 0
configure:9740: /opt/gcw0-toolchain/usr/bin/mipsel-linux-gcc -V >&5
mipsel-linux-gcc: error: unrecognized command line option '-V'
mipsel-linux-gcc: fatal error: no input files
compilation terminated.
configure:9751: $? = 1
configure:9740: /opt/gcw0-toolchain/usr/bin/mipsel-linux-gcc -qversion >&5
mipsel-linux-gcc: error: unrecognized command line option '-qversion'
mipsel-linux-gcc: fatal error: no input files
compilation terminated.
configure:9751: $? = 1
configure:9755: checking whether we are using the GNU C compiler
configure:9783: result: yes
configure:9792: checking whether /opt/gcw0-toolchain/usr/bin/mipsel-linux-gcc accepts -g
configure:9853: result: yes
configure:9870: checking for /opt/gcw0-toolchain/usr/bin/mipsel-linux-gcc option to accept ISO C89
configure:9946: result: none needed
configure:9971: checking whether /opt/gcw0-toolchain/usr/bin/mipsel-linux-gcc understands -c and -o together
configure:10008: result: yes
configure:10027: checking dependency style of /opt/gcw0-toolchain/usr/bin/mipsel-linux-gcc
configure:10138: result: gcc3
configure:10265: checking for C++ compiler version
configure:10274: /opt/gcw0-toolchain/usr/bin/mipsel-linux-g++ --version >&5
mipsel-linux-g++ (Buildroot 2014.05-gbb847d4) 4.9.1
Copyright (C) 2014 Free Software Foundation, Inc.
This is free software; see the source for copying conditions.  There is NO
warranty; not even for MERCHANTABILITY or FITNESS FOR A PARTICULAR PURPOSE.

configure:10285: $? = 0
configure:10274: /opt/gcw0-toolchain/usr/bin/mipsel-linux-g++ -v >&5
Using built-in specs.
COLLECT_GCC=/opt/gcw0-toolchain/usr/bin/mipsel-linux-g++
COLLECT_LTO_WRAPPER=/opt/gcw0-toolchain/usr/libexec/gcc/mipsel-gcw0-linux-uclibc/4.9.1/lto-wrapper
Target: mipsel-gcw0-linux-uclibc
Configured with: ./configure --prefix=/opt/gcw0-toolchain/usr --sysconfdir=/opt/gcw0-toolchain/etc --enable-shared --enable-static --target=mipsel-gcw0-linux-uclibc --with-sysroot=/opt/gcw0-toolchain/usr/mipsel-gcw0-linux-uclibc/sysroot --disable-__cxa_atexit --with-gnu-ld --disable-libssp --disable-multilib --with-gmp=/opt/gcw0-toolchain/usr --with-mpfr=/opt/gcw0-toolchain/usr --enable-target-optspace --disable-libsanitizer --enable-tls --disable-libmudflap --enable-threads --with-mpc=/opt/gcw0-toolchain/usr --disable-decimal-float --with-arch=mips32r2 --with-tune=mips32r2 --with-abi=32 --with-pkgversion='Buildroot 2014.05-gbb847d4' --with-bugurl=http://bugs.buildroot.net/ --enable-languages=c,c++ --with-build-time-tools=/opt/gcw0-toolchain/usr/mipsel-gcw0-linux-uclibc/bin --disable-libgomp --enable-lto
Thread model: posix
gcc version 4.9.1 (Buildroot 2014.05-gbb847d4) 
configure:10285: $? = 0
configure:10274: /opt/gcw0-toolchain/usr/bin/mipsel-linux-g++ -V >&5
mipsel-linux-g++: error: unrecognized command line option '-V'
mipsel-linux-g++: fatal error: no input files
compilation terminated.
configure:10285: $? = 1
configure:10274: /opt/gcw0-toolchain/usr/bin/mipsel-linux-g++ -qversion >&5
mipsel-linux-g++: error: unrecognized command line option '-qversion'
mipsel-linux-g++: fatal error: no input files
compilation terminated.
configure:10285: $? = 1
configure:10289: checking whether we are using the GNU C++ compiler
configure:10308: /opt/gcw0-toolchain/usr/bin/mipsel-linux-g++ -c  -D_GLIBCXX_USE_C99 conftest.cpp >&5
configure:10308: $? = 0
configure:10317: result: yes
configure:10326: checking whether /opt/gcw0-toolchain/usr/bin/mipsel-linux-g++ accepts -g
configure:10346: /opt/gcw0-toolchain/usr/bin/mipsel-linux-g++ -c -g -D_GLIBCXX_USE_C99 conftest.cpp >&5
configure:10346: $? = 0
configure:10387: result: yes
configure:10412: checking dependency style of /opt/gcw0-toolchain/usr/bin/mipsel-linux-g++
configure:10523: result: gcc3
configure:10556: checking how to run the C++ preprocessor
configure:10583: /opt/gcw0-toolchain/usr/bin/mipsel-linux-g++ -E -D_GLIBCXX_USE_C99 conftest.cpp
configure:10583: $? = 0
configure:10597: /opt/gcw0-toolchain/usr/bin/mipsel-linux-g++ -E -D_GLIBCXX_USE_C99 conftest.cpp
conftest.cpp:23:28: fatal error: ac_nonexistent.h: No such file or directory
 #include <ac_nonexistent.h>
                            ^
compilation terminated.
configure:10597: $? = 1
configure: failed program was:
| /* confdefs.h */
| #define PACKAGE_NAME "love"
| #define PACKAGE_TARNAME "love"
| #define PACKAGE_VERSION "11.3"
| #define PACKAGE_STRING "love 11.3"
| #define PACKAGE_BUGREPORT ""
| #define PACKAGE_URL ""
| #define PACKAGE "love"
| #define VERSION "11.3"
| #define STDC_HEADERS 1
| #define HAVE_SYS_TYPES_H 1
| #define HAVE_SYS_STAT_H 1
| #define HAVE_STDLIB_H 1
| #define HAVE_STRING_H 1
| #define HAVE_MEMORY_H 1
| #define HAVE_STRINGS_H 1
| #define HAVE_INTTYPES_H 1
| #define HAVE_STDINT_H 1
| #define HAVE_UNISTD_H 1
| #define HAVE_DLFCN_H 1
| #define LT_OBJDIR ".libs/"
| /* end confdefs.h.  */
| #include <ac_nonexistent.h>
configure:10622: result: /opt/gcw0-toolchain/usr/bin/mipsel-linux-g++ -E
configure:10642: /opt/gcw0-toolchain/usr/bin/mipsel-linux-g++ -E -D_GLIBCXX_USE_C99 conftest.cpp
configure:10642: $? = 0
configure:10656: /opt/gcw0-toolchain/usr/bin/mipsel-linux-g++ -E -D_GLIBCXX_USE_C99 conftest.cpp
conftest.cpp:23:28: fatal error: ac_nonexistent.h: No such file or directory
 #include <ac_nonexistent.h>
                            ^
compilation terminated.
configure:10656: $? = 1
configure: failed program was:
| /* confdefs.h */
| #define PACKAGE_NAME "love"
| #define PACKAGE_TARNAME "love"
| #define PACKAGE_VERSION "11.3"
| #define PACKAGE_STRING "love 11.3"
| #define PACKAGE_BUGREPORT ""
| #define PACKAGE_URL ""
| #define PACKAGE "love"
| #define VERSION "11.3"
| #define STDC_HEADERS 1
| #define HAVE_SYS_TYPES_H 1
| #define HAVE_SYS_STAT_H 1
| #define HAVE_STDLIB_H 1
| #define HAVE_STRING_H 1
| #define HAVE_MEMORY_H 1
| #define HAVE_STRINGS_H 1
| #define HAVE_INTTYPES_H 1
| #define HAVE_STDINT_H 1
| #define HAVE_UNISTD_H 1
| #define HAVE_DLFCN_H 1
| #define LT_OBJDIR ".libs/"
| /* end confdefs.h.  */
| #include <ac_nonexistent.h>
configure:10825: checking for ld used by /opt/gcw0-toolchain/usr/bin/mipsel-linux-g++
configure:10892: result: /opt/gcw0-toolchain/usr/mipsel-gcw0-linux-uclibc/bin/ld
configure:10899: checking if the linker (/opt/gcw0-toolchain/usr/mipsel-gcw0-linux-uclibc/bin/ld) is GNU ld
configure:10914: result: yes
configure:10969: checking whether the /opt/gcw0-toolchain/usr/bin/mipsel-linux-g++ linker (/opt/gcw0-toolchain/usr/mipsel-gcw0-linux-uclibc/bin/ld) supports shared libraries
configure:11974: result: yes
configure:12010: /opt/gcw0-toolchain/usr/bin/mipsel-linux-g++ -c  -D_GLIBCXX_USE_C99 conftest.cpp >&5
configure:12013: $? = 0
configure:12533: checking for /opt/gcw0-toolchain/usr/bin/mipsel-linux-g++ option to produce PIC
configure:12540: result: -fPIC -DPIC
configure:12548: checking if /opt/gcw0-toolchain/usr/bin/mipsel-linux-g++ PIC flag -fPIC -DPIC works
configure:12566: /opt/gcw0-toolchain/usr/bin/mipsel-linux-g++ -c  -D_GLIBCXX_USE_C99 -fPIC -DPIC -DPIC conftest.cpp >&5
configure:12570: $? = 0
configure:12583: result: yes
configure:12606: checking if /opt/gcw0-toolchain/usr/bin/mipsel-linux-g++ static flag -static works
configure:12634: result: yes
configure:12646: checking if /opt/gcw0-toolchain/usr/bin/mipsel-linux-g++ supports -c -o file.o
configure:12667: /opt/gcw0-toolchain/usr/bin/mipsel-linux-g++ -c  -D_GLIBCXX_USE_C99 -o out/conftest2.o conftest.cpp >&5
configure:12671: $? = 0
configure:12693: result: yes
configure:12698: checking if /opt/gcw0-toolchain/usr/bin/mipsel-linux-g++ supports -c -o file.o
configure:12745: result: yes
configure:12775: checking whether the /opt/gcw0-toolchain/usr/bin/mipsel-linux-g++ linker (/opt/gcw0-toolchain/usr/mipsel-gcw0-linux-uclibc/bin/ld) supports shared libraries
configure:12811: result: yes
configure:12952: checking dynamic linker characteristics
configure:13619: result: GNU/Linux ld.so
configure:13672: checking how to hardcode library paths into programs
configure:13697: result: immediate
configure:12677: checking for a sed that does not truncate output
configure:12741: result: /usr/bin/sed
configure:12757: checking for mipsel-linux-g++
configure:12773: found /opt/gcw0-toolchain/usr/bin/mipsel-linux-g++
configure:12784: result: mipsel-linux-g++
configure:12853: checking for Objective C++ compiler version
configure:12862: mipsel-linux-g++ --version >&5
mipsel-linux-g++ (Buildroot 2014.05-gbb847d4) 4.9.1
Copyright (C) 2014 Free Software Foundation, Inc.
This is free software; see the source for copying conditions.  There is NO
warranty; not even for MERCHANTABILITY or FITNESS FOR A PARTICULAR PURPOSE.

configure:12873: $? = 0
configure:12862: mipsel-linux-g++ -v >&5
Using built-in specs.
COLLECT_GCC=mipsel-linux-g++
COLLECT_LTO_WRAPPER=/opt/gcw0-toolchain/usr/libexec/gcc/mipsel-gcw0-linux-uclibc/4.9.1/lto-wrapper
Target: mipsel-gcw0-linux-uclibc
Configured with: ./configure --prefix=/opt/gcw0-toolchain/usr --sysconfdir=/opt/gcw0-toolchain/etc --enable-shared --enable-static --target=mipsel-gcw0-linux-uclibc --with-sysroot=/opt/gcw0-toolchain/usr/mipsel-gcw0-linux-uclibc/sysroot --disable-__cxa_atexit --with-gnu-ld --disable-libssp --disable-multilib --with-gmp=/opt/gcw0-toolchain/usr --with-mpfr=/opt/gcw0-toolchain/usr --enable-target-optspace --disable-libsanitizer --enable-tls --disable-libmudflap --enable-threads --with-mpc=/opt/gcw0-toolchain/usr --disable-decimal-float --with-arch=mips32r2 --with-tune=mips32r2 --with-abi=32 --with-pkgversion='Buildroot 2014.05-gbb847d4' --with-bugurl=http://bugs.buildroot.net/ --enable-languages=c,c++ --with-build-time-tools=/opt/gcw0-toolchain/usr/mipsel-gcw0-linux-uclibc/bin --disable-libgomp --enable-lto
Thread model: posix
gcc version 4.9.1 (Buildroot 2014.05-gbb847d4) 
configure:12873: $? = 0
configure:12862: mipsel-linux-g++ -V >&5
mipsel-linux-g++: error: unrecognized command line option '-V'
mipsel-linux-g++: fatal error: no input files
compilation terminated.
configure:12873: $? = 1
configure:12862: mipsel-linux-g++ -qversion >&5
mipsel-linux-g++: error: unrecognized command line option '-qversion'
mipsel-linux-g++: fatal error: no input files
compilation terminated.
configure:12873: $? = 1
configure:12877: checking whether we are using the GNU Objective C++ compiler
configure:12896: mipsel-linux-g++ -c  -D_GLIBCXX_USE_C99 conftest.mm >&5
mipsel-linux-g++: error: conftest.mm: Objective-C++ compiler not installed on this system
configure:12896: $? = 1
configure: failed program was:
| /* confdefs.h */
| #define PACKAGE_NAME "love"
| #define PACKAGE_TARNAME "love"
| #define PACKAGE_VERSION "11.3"
| #define PACKAGE_STRING "love 11.3"
| #define PACKAGE_BUGREPORT ""
| #define PACKAGE_URL ""
| #define PACKAGE "love"
| #define VERSION "11.3"
| #define STDC_HEADERS 1
| #define HAVE_SYS_TYPES_H 1
| #define HAVE_SYS_STAT_H 1
| #define HAVE_STDLIB_H 1
| #define HAVE_STRING_H 1
| #define HAVE_MEMORY_H 1
| #define HAVE_STRINGS_H 1
| #define HAVE_INTTYPES_H 1
| #define HAVE_STDINT_H 1
| #define HAVE_UNISTD_H 1
| #define HAVE_DLFCN_H 1
| #define LT_OBJDIR ".libs/"
| /* end confdefs.h.  */
| 
| int
| main ()
| {
| #ifndef __GNUC__
|        choke me
| #endif
| 
|   ;
|   return 0;
| }
configure:12905: result: no
configure:12914: checking whether mipsel-linux-g++ accepts -g
configure:12934: mipsel-linux-g++ -c -g -D_GLIBCXX_USE_C99 conftest.mm >&5
mipsel-linux-g++: error: conftest.mm: Objective-C++ compiler not installed on this system
configure:12934: $? = 1
configure: failed program was:
| /* confdefs.h */
| #define PACKAGE_NAME "love"
| #define PACKAGE_TARNAME "love"
| #define PACKAGE_VERSION "11.3"
| #define PACKAGE_STRING "love 11.3"
| #define PACKAGE_BUGREPORT ""
| #define PACKAGE_URL ""
| #define PACKAGE "love"
| #define VERSION "11.3"
| #define STDC_HEADERS 1
| #define HAVE_SYS_TYPES_H 1
| #define HAVE_SYS_STAT_H 1
| #define HAVE_STDLIB_H 1
| #define HAVE_STRING_H 1
| #define HAVE_MEMORY_H 1
| #define HAVE_STRINGS_H 1
| #define HAVE_INTTYPES_H 1
| #define HAVE_STDINT_H 1
| #define HAVE_UNISTD_H 1
| #define HAVE_DLFCN_H 1
| #define LT_OBJDIR ".libs/"
| /* end confdefs.h.  */
| 
| int
| main ()
| {
| 
|   ;
|   return 0;
| }
configure:12949: mipsel-linux-g++ -c  -D_GLIBCXX_USE_C99 conftest.mm >&5
mipsel-linux-g++: error: conftest.mm: Objective-C++ compiler not installed on this system
configure:12949: $? = 1
configure: failed program was:
| /* confdefs.h */
| #define PACKAGE_NAME "love"
| #define PACKAGE_TARNAME "love"
| #define PACKAGE_VERSION "11.3"
| #define PACKAGE_STRING "love 11.3"
| #define PACKAGE_BUGREPORT ""
| #define PACKAGE_URL ""
| #define PACKAGE "love"
| #define VERSION "11.3"
| #define STDC_HEADERS 1
| #define HAVE_SYS_TYPES_H 1
| #define HAVE_SYS_STAT_H 1
| #define HAVE_STDLIB_H 1
| #define HAVE_STRING_H 1
| #define HAVE_MEMORY_H 1
| #define HAVE_STRINGS_H 1
| #define HAVE_INTTYPES_H 1
| #define HAVE_STDINT_H 1
| #define HAVE_UNISTD_H 1
| #define HAVE_DLFCN_H 1
| #define LT_OBJDIR ".libs/"
| /* end confdefs.h.  */
| 
| int
| main ()
| {
| 
|   ;
|   return 0;
| }
configure:12965: mipsel-linux-g++ -c -g -D_GLIBCXX_USE_C99 conftest.mm >&5
mipsel-linux-g++: error: conftest.mm: Objective-C++ compiler not installed on this system
configure:12965: $? = 1
configure: failed program was:
| /* confdefs.h */
| #define PACKAGE_NAME "love"
| #define PACKAGE_TARNAME "love"
| #define PACKAGE_VERSION "11.3"
| #define PACKAGE_STRING "love 11.3"
| #define PACKAGE_BUGREPORT ""
| #define PACKAGE_URL ""
| #define PACKAGE "love"
| #define VERSION "11.3"
| #define STDC_HEADERS 1
| #define HAVE_SYS_TYPES_H 1
| #define HAVE_SYS_STAT_H 1
| #define HAVE_STDLIB_H 1
| #define HAVE_STRING_H 1
| #define HAVE_MEMORY_H 1
| #define HAVE_STRINGS_H 1
| #define HAVE_INTTYPES_H 1
| #define HAVE_STDINT_H 1
| #define HAVE_UNISTD_H 1
| #define HAVE_DLFCN_H 1
| #define LT_OBJDIR ".libs/"
| /* end confdefs.h.  */
| 
| int
| main ()
| {
| 
|   ;
|   return 0;
| }
configure:12975: result: no
configure:13000: checking dependency style of mipsel-linux-g++
configure:13109: result: gcc3
configure:13233: checking pkg-config is at least version 0.9.0
configure:13236: result: yes
configure:13244: checking whether byte ordering is bigendian
configure:13259: /opt/gcw0-toolchain/usr/bin/mipsel-linux-gcc -c -Wall -mips32 -O3 -Wextra -fthread-jumps -fexpensive-optimizations -ffast-math -I/opt/gcw0-toolchain/usr/mipsel-gcw0-linux-uclibc/sysroot/usr/include/lua -I/opt/gcw0-toolchain/usr/include -D_GLIBCXX_USE_C99 conftest.c >&5
conftest.c:24:9: error: unknown type name 'not'
         not a universal capable compiler
         ^
conftest.c:24:15: error: expected '=', ',', ';', 'asm' or '__attribute__' before 'universal'
         not a universal capable compiler
               ^
conftest.c:24:15: error: unknown type name 'universal'
configure:13259: $? = 1
configure: failed program was:
| /* confdefs.h */
| #define PACKAGE_NAME "love"
| #define PACKAGE_TARNAME "love"
| #define PACKAGE_VERSION "11.3"
| #define PACKAGE_STRING "love 11.3"
| #define PACKAGE_BUGREPORT ""
| #define PACKAGE_URL ""
| #define PACKAGE "love"
| #define VERSION "11.3"
| #define STDC_HEADERS 1
| #define HAVE_SYS_TYPES_H 1
| #define HAVE_SYS_STAT_H 1
| #define HAVE_STDLIB_H 1
| #define HAVE_STRING_H 1
| #define HAVE_MEMORY_H 1
| #define HAVE_STRINGS_H 1
| #define HAVE_INTTYPES_H 1
| #define HAVE_STDINT_H 1
| #define HAVE_UNISTD_H 1
| #define HAVE_DLFCN_H 1
| #define LT_OBJDIR ".libs/"
| /* end confdefs.h.  */
| #ifndef __APPLE_CC__
| 	       not a universal capable compiler
| 	     #endif
| 	     typedef int dummy;
| 
configure:13304: /opt/gcw0-toolchain/usr/bin/mipsel-linux-gcc -c -Wall -mips32 -O3 -Wextra -fthread-jumps -fexpensive-optimizations -ffast-math -I/opt/gcw0-toolchain/usr/mipsel-gcw0-linux-uclibc/sysroot/usr/include/lua -I/opt/gcw0-toolchain/usr/include -D_GLIBCXX_USE_C99 conftest.c >&5
configure:13304: $? = 0
configure:13322: /opt/gcw0-toolchain/usr/bin/mipsel-linux-gcc -c -Wall -mips32 -O3 -Wextra -fthread-jumps -fexpensive-optimizations -ffast-math -I/opt/gcw0-toolchain/usr/mipsel-gcw0-linux-uclibc/sysroot/usr/include/lua -I/opt/gcw0-toolchain/usr/include -D_GLIBCXX_USE_C99 conftest.c >&5
conftest.c: In function 'main':
conftest.c:30:4: error: unknown type name 'not'
    not big endian
    ^
conftest.c:30:12: error: expected '=', ',', ';', 'asm' or '__attribute__' before 'endian'
    not big endian
            ^
configure:13322: $? = 1
configure: failed program was:
| /* confdefs.h */
| #define PACKAGE_NAME "love"
| #define PACKAGE_TARNAME "love"
| #define PACKAGE_VERSION "11.3"
| #define PACKAGE_STRING "love 11.3"
| #define PACKAGE_BUGREPORT ""
| #define PACKAGE_URL ""
| #define PACKAGE "love"
| #define VERSION "11.3"
| #define STDC_HEADERS 1
| #define HAVE_SYS_TYPES_H 1
| #define HAVE_SYS_STAT_H 1
| #define HAVE_STDLIB_H 1
| #define HAVE_STRING_H 1
| #define HAVE_MEMORY_H 1
| #define HAVE_STRINGS_H 1
| #define HAVE_INTTYPES_H 1
| #define HAVE_STDINT_H 1
| #define HAVE_UNISTD_H 1
| #define HAVE_DLFCN_H 1
| #define LT_OBJDIR ".libs/"
| /* end confdefs.h.  */
| #include <sys/types.h>
| 		#include <sys/param.h>
| 
| int
| main ()
| {
| #if BYTE_ORDER != BIG_ENDIAN
| 		 not big endian
| 		#endif
| 
|   ;
|   return 0;
| }
configure:13450: result: no
configure:13536: checking whether /opt/gcw0-toolchain/usr/bin/mipsel-linux-g++ supports flag -std=c++0x
configure:13549: /opt/gcw0-toolchain/usr/bin/mipsel-linux-g++ -c -std=c++0x -D_GLIBCXX_USE_C99 conftest.cpp >&5
configure:13549: $? = 0
configure:13550: result: yes
configure:13561: checking whether /opt/gcw0-toolchain/usr/bin/mipsel-linux-g++ supports flag -std=c++11
configure:13574: /opt/gcw0-toolchain/usr/bin/mipsel-linux-g++ -c -std=c++11 -D_GLIBCXX_USE_C99 conftest.cpp >&5
configure:13574: $? = 0
configure:13575: result: yes
configure:13593: /opt/gcw0-toolchain/usr/bin/mipsel-linux-g++ -c  -std=c++11 -D_GLIBCXX_USE_C99 conftest.cpp >&5
configure:13593: $? = 0
configure:13593: /opt/gcw0-toolchain/usr/bin/mipsel-linux-g++ -c  -std=c++11 -D_GLIBCXX_USE_C99 conftest.cpp >&5
conftest.cpp: In function 'int main()':
conftest.cpp:27:50: error: size of array 'test_array' is negative
 static int test_array [1 - 2 * !((__GNUC__) <= 0)];
                                                  ^
configure:13593: $? = 1
configure: failed program was:
| /* confdefs.h */
| #define PACKAGE_NAME "love"
| #define PACKAGE_TARNAME "love"
| #define PACKAGE_VERSION "11.3"
| #define PACKAGE_STRING "love 11.3"
| #define PACKAGE_BUGREPORT ""
| #define PACKAGE_URL ""
| #define PACKAGE "love"
| #define VERSION "11.3"
| #define STDC_HEADERS 1
| #define HAVE_SYS_TYPES_H 1
| #define HAVE_SYS_STAT_H 1
| #define HAVE_STDLIB_H 1
| #define HAVE_STRING_H 1
| #define HAVE_MEMORY_H 1
| #define HAVE_STRINGS_H 1
| #define HAVE_INTTYPES_H 1
| #define HAVE_STDINT_H 1
| #define HAVE_UNISTD_H 1
| #define HAVE_DLFCN_H 1
| #define LT_OBJDIR ".libs/"
| /* end confdefs.h.  */
| 
| int
| main ()
| {
| static int test_array [1 - 2 * !((__GNUC__) <= 0)];
| test_array [0] = 0;
| return test_array [0];
| 
|   ;
|   return 0;
| }
configure:13593: /opt/gcw0-toolchain/usr/bin/mipsel-linux-g++ -c  -std=c++11 -D_GLIBCXX_USE_C99 conftest.cpp >&5
conftest.cpp: In function 'int main()':
conftest.cpp:27:50: error: size of array 'test_array' is negative
 static int test_array [1 - 2 * !((__GNUC__) <= 1)];
                                                  ^
configure:13593: $? = 1
configure: failed program was:
| /* confdefs.h */
| #define PACKAGE_NAME "love"
| #define PACKAGE_TARNAME "love"
| #define PACKAGE_VERSION "11.3"
| #define PACKAGE_STRING "love 11.3"
| #define PACKAGE_BUGREPORT ""
| #define PACKAGE_URL ""
| #define PACKAGE "love"
| #define VERSION "11.3"
| #define STDC_HEADERS 1
| #define HAVE_SYS_TYPES_H 1
| #define HAVE_SYS_STAT_H 1
| #define HAVE_STDLIB_H 1
| #define HAVE_STRING_H 1
| #define HAVE_MEMORY_H 1
| #define HAVE_STRINGS_H 1
| #define HAVE_INTTYPES_H 1
| #define HAVE_STDINT_H 1
| #define HAVE_UNISTD_H 1
| #define HAVE_DLFCN_H 1
| #define LT_OBJDIR ".libs/"
| /* end confdefs.h.  */
| 
| int
| main ()
| {
| static int test_array [1 - 2 * !((__GNUC__) <= 1)];
| test_array [0] = 0;
| return test_array [0];
| 
|   ;
|   return 0;
| }
configure:13593: /opt/gcw0-toolchain/usr/bin/mipsel-linux-g++ -c  -std=c++11 -D_GLIBCXX_USE_C99 conftest.cpp >&5
conftest.cpp: In function 'int main()':
conftest.cpp:27:50: error: size of array 'test_array' is negative
 static int test_array [1 - 2 * !((__GNUC__) <= 3)];
                                                  ^
configure:13593: $? = 1
configure: failed program was:
| /* confdefs.h */
| #define PACKAGE_NAME "love"
| #define PACKAGE_TARNAME "love"
| #define PACKAGE_VERSION "11.3"
| #define PACKAGE_STRING "love 11.3"
| #define PACKAGE_BUGREPORT ""
| #define PACKAGE_URL ""
| #define PACKAGE "love"
| #define VERSION "11.3"
| #define STDC_HEADERS 1
| #define HAVE_SYS_TYPES_H 1
| #define HAVE_SYS_STAT_H 1
| #define HAVE_STDLIB_H 1
| #define HAVE_STRING_H 1
| #define HAVE_MEMORY_H 1
| #define HAVE_STRINGS_H 1
| #define HAVE_INTTYPES_H 1
| #define HAVE_STDINT_H 1
| #define HAVE_UNISTD_H 1
| #define HAVE_DLFCN_H 1
| #define LT_OBJDIR ".libs/"
| /* end confdefs.h.  */
| 
| int
| main ()
| {
| static int test_array [1 - 2 * !((__GNUC__) <= 3)];
| test_array [0] = 0;
| return test_array [0];
| 
|   ;
|   return 0;
| }
configure:13593: /opt/gcw0-toolchain/usr/bin/mipsel-linux-g++ -c  -std=c++11 -D_GLIBCXX_USE_C99 conftest.cpp >&5
configure:13593: $? = 0
configure:13593: /opt/gcw0-toolchain/usr/bin/mipsel-linux-g++ -c  -std=c++11 -D_GLIBCXX_USE_C99 conftest.cpp >&5
configure:13593: $? = 0
configure:13593: /opt/gcw0-toolchain/usr/bin/mipsel-linux-g++ -c  -std=c++11 -D_GLIBCXX_USE_C99 conftest.cpp >&5
configure:13593: $? = 0
configure:13599: /opt/gcw0-toolchain/usr/bin/mipsel-linux-g++ -c  -std=c++11 -D_GLIBCXX_USE_C99 conftest.cpp >&5
configure:13599: $? = 0
configure:13599: /opt/gcw0-toolchain/usr/bin/mipsel-linux-g++ -c  -std=c++11 -D_GLIBCXX_USE_C99 conftest.cpp >&5
conftest.cpp: In function 'int main()':
conftest.cpp:27:56: error: size of array 'test_array' is negative
 static int test_array [1 - 2 * !((__GNUC_MINOR__) <= 0)];
                                                        ^
configure:13599: $? = 1
configure: failed program was:
| /* confdefs.h */
| #define PACKAGE_NAME "love"
| #define PACKAGE_TARNAME "love"
| #define PACKAGE_VERSION "11.3"
| #define PACKAGE_STRING "love 11.3"
| #define PACKAGE_BUGREPORT ""
| #define PACKAGE_URL ""
| #define PACKAGE "love"
| #define VERSION "11.3"
| #define STDC_HEADERS 1
| #define HAVE_SYS_TYPES_H 1
| #define HAVE_SYS_STAT_H 1
| #define HAVE_STDLIB_H 1
| #define HAVE_STRING_H 1
| #define HAVE_MEMORY_H 1
| #define HAVE_STRINGS_H 1
| #define HAVE_INTTYPES_H 1
| #define HAVE_STDINT_H 1
| #define HAVE_UNISTD_H 1
| #define HAVE_DLFCN_H 1
| #define LT_OBJDIR ".libs/"
| /* end confdefs.h.  */
| 
| int
| main ()
| {
| static int test_array [1 - 2 * !((__GNUC_MINOR__) <= 0)];
| test_array [0] = 0;
| return test_array [0];
| 
|   ;
|   return 0;
| }
configure:13599: /opt/gcw0-toolchain/usr/bin/mipsel-linux-g++ -c  -std=c++11 -D_GLIBCXX_USE_C99 conftest.cpp >&5
conftest.cpp: In function 'int main()':
conftest.cpp:27:56: error: size of array 'test_array' is negative
 static int test_array [1 - 2 * !((__GNUC_MINOR__) <= 1)];
                                                        ^
configure:13599: $? = 1
configure: failed program was:
| /* confdefs.h */
| #define PACKAGE_NAME "love"
| #define PACKAGE_TARNAME "love"
| #define PACKAGE_VERSION "11.3"
| #define PACKAGE_STRING "love 11.3"
| #define PACKAGE_BUGREPORT ""
| #define PACKAGE_URL ""
| #define PACKAGE "love"
| #define VERSION "11.3"
| #define STDC_HEADERS 1
| #define HAVE_SYS_TYPES_H 1
| #define HAVE_SYS_STAT_H 1
| #define HAVE_STDLIB_H 1
| #define HAVE_STRING_H 1
| #define HAVE_MEMORY_H 1
| #define HAVE_STRINGS_H 1
| #define HAVE_INTTYPES_H 1
| #define HAVE_STDINT_H 1
| #define HAVE_UNISTD_H 1
| #define HAVE_DLFCN_H 1
| #define LT_OBJDIR ".libs/"
| /* end confdefs.h.  */
| 
| int
| main ()
| {
| static int test_array [1 - 2 * !((__GNUC_MINOR__) <= 1)];
| test_array [0] = 0;
| return test_array [0];
| 
|   ;
|   return 0;
| }
configure:13599: /opt/gcw0-toolchain/usr/bin/mipsel-linux-g++ -c  -std=c++11 -D_GLIBCXX_USE_C99 conftest.cpp >&5
conftest.cpp: In function 'int main()':
conftest.cpp:27:56: error: size of array 'test_array' is negative
 static int test_array [1 - 2 * !((__GNUC_MINOR__) <= 3)];
                                                        ^
configure:13599: $? = 1
configure: failed program was:
| /* confdefs.h */
| #define PACKAGE_NAME "love"
| #define PACKAGE_TARNAME "love"
| #define PACKAGE_VERSION "11.3"
| #define PACKAGE_STRING "love 11.3"
| #define PACKAGE_BUGREPORT ""
| #define PACKAGE_URL ""
| #define PACKAGE "love"
| #define VERSION "11.3"
| #define STDC_HEADERS 1
| #define HAVE_SYS_TYPES_H 1
| #define HAVE_SYS_STAT_H 1
| #define HAVE_STDLIB_H 1
| #define HAVE_STRING_H 1
| #define HAVE_MEMORY_H 1
| #define HAVE_STRINGS_H 1
| #define HAVE_INTTYPES_H 1
| #define HAVE_STDINT_H 1
| #define HAVE_UNISTD_H 1
| #define HAVE_DLFCN_H 1
| #define LT_OBJDIR ".libs/"
| /* end confdefs.h.  */
| 
| int
| main ()
| {
| static int test_array [1 - 2 * !((__GNUC_MINOR__) <= 3)];
| test_array [0] = 0;
| return test_array [0];
| 
|   ;
|   return 0;
| }
configure:13599: /opt/gcw0-toolchain/usr/bin/mipsel-linux-g++ -c  -std=c++11 -D_GLIBCXX_USE_C99 conftest.cpp >&5
conftest.cpp: In function 'int main()':
conftest.cpp:27:56: error: size of array 'test_array' is negative
 static int test_array [1 - 2 * !((__GNUC_MINOR__) <= 7)];
                                                        ^
configure:13599: $? = 1
configure: failed program was:
| /* confdefs.h */
| #define PACKAGE_NAME "love"
| #define PACKAGE_TARNAME "love"
| #define PACKAGE_VERSION "11.3"
| #define PACKAGE_STRING "love 11.3"
| #define PACKAGE_BUGREPORT ""
| #define PACKAGE_URL ""
| #define PACKAGE "love"
| #define VERSION "11.3"
| #define STDC_HEADERS 1
| #define HAVE_SYS_TYPES_H 1
| #define HAVE_SYS_STAT_H 1
| #define HAVE_STDLIB_H 1
| #define HAVE_STRING_H 1
| #define HAVE_MEMORY_H 1
| #define HAVE_STRINGS_H 1
| #define HAVE_INTTYPES_H 1
| #define HAVE_STDINT_H 1
| #define HAVE_UNISTD_H 1
| #define HAVE_DLFCN_H 1
| #define LT_OBJDIR ".libs/"
| /* end confdefs.h.  */
| 
| int
| main ()
| {
| static int test_array [1 - 2 * !((__GNUC_MINOR__) <= 7)];
| test_array [0] = 0;
| return test_array [0];
| 
|   ;
|   return 0;
| }
configure:13599: /opt/gcw0-toolchain/usr/bin/mipsel-linux-g++ -c  -std=c++11 -D_GLIBCXX_USE_C99 conftest.cpp >&5
configure:13599: $? = 0
configure:13599: /opt/gcw0-toolchain/usr/bin/mipsel-linux-g++ -c  -std=c++11 -D_GLIBCXX_USE_C99 conftest.cpp >&5
configure:13599: $? = 0
configure:13599: /opt/gcw0-toolchain/usr/bin/mipsel-linux-g++ -c  -std=c++11 -D_GLIBCXX_USE_C99 conftest.cpp >&5
configure:13599: $? = 0
configure:13599: /opt/gcw0-toolchain/usr/bin/mipsel-linux-g++ -c  -std=c++11 -D_GLIBCXX_USE_C99 conftest.cpp >&5
conftest.cpp: In function 'int main()':
conftest.cpp:27:56: error: size of array 'test_array' is negative
 static int test_array [1 - 2 * !((__GNUC_MINOR__) <= 8)];
                                                        ^
configure:13599: $? = 1
configure: failed program was:
| /* confdefs.h */
| #define PACKAGE_NAME "love"
| #define PACKAGE_TARNAME "love"
| #define PACKAGE_VERSION "11.3"
| #define PACKAGE_STRING "love 11.3"
| #define PACKAGE_BUGREPORT ""
| #define PACKAGE_URL ""
| #define PACKAGE "love"
| #define VERSION "11.3"
| #define STDC_HEADERS 1
| #define HAVE_SYS_TYPES_H 1
| #define HAVE_SYS_STAT_H 1
| #define HAVE_STDLIB_H 1
| #define HAVE_STRING_H 1
| #define HAVE_MEMORY_H 1
| #define HAVE_STRINGS_H 1
| #define HAVE_INTTYPES_H 1
| #define HAVE_STDINT_H 1
| #define HAVE_UNISTD_H 1
| #define HAVE_DLFCN_H 1
| #define LT_OBJDIR ".libs/"
| /* end confdefs.h.  */
| 
| int
| main ()
| {
| static int test_array [1 - 2 * !((__GNUC_MINOR__) <= 8)];
| test_array [0] = 0;
| return test_array [0];
| 
|   ;
|   return 0;
| }
configure:13605: /opt/gcw0-toolchain/usr/bin/mipsel-linux-g++ -c  -std=c++11 -D_GLIBCXX_USE_C99 conftest.cpp >&5
configure:13605: $? = 0
configure:13605: /opt/gcw0-toolchain/usr/bin/mipsel-linux-g++ -c  -std=c++11 -D_GLIBCXX_USE_C99 conftest.cpp >&5
conftest.cpp: In function 'int main()':
conftest.cpp:27:61: error: size of array 'test_array' is negative
 static int test_array [1 - 2 * !((__GNUC_PATCHLEVEL__) <= 0)];
                                                             ^
configure:13605: $? = 1
configure: failed program was:
| /* confdefs.h */
| #define PACKAGE_NAME "love"
| #define PACKAGE_TARNAME "love"
| #define PACKAGE_VERSION "11.3"
| #define PACKAGE_STRING "love 11.3"
| #define PACKAGE_BUGREPORT ""
| #define PACKAGE_URL ""
| #define PACKAGE "love"
| #define VERSION "11.3"
| #define STDC_HEADERS 1
| #define HAVE_SYS_TYPES_H 1
| #define HAVE_SYS_STAT_H 1
| #define HAVE_STDLIB_H 1
| #define HAVE_STRING_H 1
| #define HAVE_MEMORY_H 1
| #define HAVE_STRINGS_H 1
| #define HAVE_INTTYPES_H 1
| #define HAVE_STDINT_H 1
| #define HAVE_UNISTD_H 1
| #define HAVE_DLFCN_H 1
| #define LT_OBJDIR ".libs/"
| /* end confdefs.h.  */
| 
| int
| main ()
| {
| static int test_array [1 - 2 * !((__GNUC_PATCHLEVEL__) <= 0)];
| test_array [0] = 0;
| return test_array [0];
| 
|   ;
|   return 0;
| }
configure:13605: /opt/gcw0-toolchain/usr/bin/mipsel-linux-g++ -c  -std=c++11 -D_GLIBCXX_USE_C99 conftest.cpp >&5
configure:13605: $? = 0
configure:13614: /opt/gcw0-toolchain/usr/bin/mipsel-linux-g++ -c  -std=c++11 -D_GLIBCXX_USE_C99 conftest.cpp >&5
conftest.cpp: In function 'int main()':
conftest.cpp:27:35: error: '__clang_major__' was not declared in this scope
 static int test_array [1 - 2 * !((__clang_major__) >= 0)];
                                   ^
conftest.cpp:28:1: error: 'test_array' was not declared in this scope
 test_array [0] = 0;
 ^
configure:13614: $? = 1
configure: failed program was:
| /* confdefs.h */
| #define PACKAGE_NAME "love"
| #define PACKAGE_TARNAME "love"
| #define PACKAGE_VERSION "11.3"
| #define PACKAGE_STRING "love 11.3"
| #define PACKAGE_BUGREPORT ""
| #define PACKAGE_URL ""
| #define PACKAGE "love"
| #define VERSION "11.3"
| #define STDC_HEADERS 1
| #define HAVE_SYS_TYPES_H 1
| #define HAVE_SYS_STAT_H 1
| #define HAVE_STDLIB_H 1
| #define HAVE_STRING_H 1
| #define HAVE_MEMORY_H 1
| #define HAVE_STRINGS_H 1
| #define HAVE_INTTYPES_H 1
| #define HAVE_STDINT_H 1
| #define HAVE_UNISTD_H 1
| #define HAVE_DLFCN_H 1
| #define LT_OBJDIR ".libs/"
| /* end confdefs.h.  */
| 
| int
| main ()
| {
| static int test_array [1 - 2 * !((__clang_major__) >= 0)];
| test_array [0] = 0;
| return test_array [0];
| 
|   ;
|   return 0;
| }
configure:13614: /opt/gcw0-toolchain/usr/bin/mipsel-linux-g++ -c  -std=c++11 -D_GLIBCXX_USE_C99 conftest.cpp >&5
conftest.cpp: In function 'int main()':
conftest.cpp:27:35: error: '__clang_major__' was not declared in this scope
 static int test_array [1 - 2 * !((__clang_major__) < 0)];
                                   ^
conftest.cpp:28:1: error: 'test_array' was not declared in this scope
 test_array [0] = 0;
 ^
configure:13614: $? = 1
configure: failed program was:
| /* confdefs.h */
| #define PACKAGE_NAME "love"
| #define PACKAGE_TARNAME "love"
| #define PACKAGE_VERSION "11.3"
| #define PACKAGE_STRING "love 11.3"
| #define PACKAGE_BUGREPORT ""
| #define PACKAGE_URL ""
| #define PACKAGE "love"
| #define VERSION "11.3"
| #define STDC_HEADERS 1
| #define HAVE_SYS_TYPES_H 1
| #define HAVE_SYS_STAT_H 1
| #define HAVE_STDLIB_H 1
| #define HAVE_STRING_H 1
| #define HAVE_MEMORY_H 1
| #define HAVE_STRINGS_H 1
| #define HAVE_INTTYPES_H 1
| #define HAVE_STDINT_H 1
| #define HAVE_UNISTD_H 1
| #define HAVE_DLFCN_H 1
| #define LT_OBJDIR ".libs/"
| /* end confdefs.h.  */
| 
| int
| main ()
| {
| static int test_array [1 - 2 * !((__clang_major__) < 0)];
| test_array [0] = 0;
| return test_array [0];
| 
|   ;
|   return 0;
| }
configure:13620: /opt/gcw0-toolchain/usr/bin/mipsel-linux-g++ -c  -std=c++11 -D_GLIBCXX_USE_C99 conftest.cpp >&5
conftest.cpp: In function 'int main()':
conftest.cpp:27:35: error: '__clang_minor__' was not declared in this scope
 static int test_array [1 - 2 * !((__clang_minor__) >= 0)];
                                   ^
conftest.cpp:28:1: error: 'test_array' was not declared in this scope
 test_array [0] = 0;
 ^
configure:13620: $? = 1
configure: failed program was:
| /* confdefs.h */
| #define PACKAGE_NAME "love"
| #define PACKAGE_TARNAME "love"
| #define PACKAGE_VERSION "11.3"
| #define PACKAGE_STRING "love 11.3"
| #define PACKAGE_BUGREPORT ""
| #define PACKAGE_URL ""
| #define PACKAGE "love"
| #define VERSION "11.3"
| #define STDC_HEADERS 1
| #define HAVE_SYS_TYPES_H 1
| #define HAVE_SYS_STAT_H 1
| #define HAVE_STDLIB_H 1
| #define HAVE_STRING_H 1
| #define HAVE_MEMORY_H 1
| #define HAVE_STRINGS_H 1
| #define HAVE_INTTYPES_H 1
| #define HAVE_STDINT_H 1
| #define HAVE_UNISTD_H 1
| #define HAVE_DLFCN_H 1
| #define LT_OBJDIR ".libs/"
| /* end confdefs.h.  */
| 
| int
| main ()
| {
| static int test_array [1 - 2 * !((__clang_minor__) >= 0)];
| test_array [0] = 0;
| return test_array [0];
| 
|   ;
|   return 0;
| }
configure:13620: /opt/gcw0-toolchain/usr/bin/mipsel-linux-g++ -c  -std=c++11 -D_GLIBCXX_USE_C99 conftest.cpp >&5
conftest.cpp: In function 'int main()':
conftest.cpp:27:35: error: '__clang_minor__' was not declared in this scope
 static int test_array [1 - 2 * !((__clang_minor__) < 0)];
                                   ^
conftest.cpp:28:1: error: 'test_array' was not declared in this scope
 test_array [0] = 0;
 ^
configure:13620: $? = 1
configure: failed program was:
| /* confdefs.h */
| #define PACKAGE_NAME "love"
| #define PACKAGE_TARNAME "love"
| #define PACKAGE_VERSION "11.3"
| #define PACKAGE_STRING "love 11.3"
| #define PACKAGE_BUGREPORT ""
| #define PACKAGE_URL ""
| #define PACKAGE "love"
| #define VERSION "11.3"
| #define STDC_HEADERS 1
| #define HAVE_SYS_TYPES_H 1
| #define HAVE_SYS_STAT_H 1
| #define HAVE_STDLIB_H 1
| #define HAVE_STRING_H 1
| #define HAVE_MEMORY_H 1
| #define HAVE_STRINGS_H 1
| #define HAVE_INTTYPES_H 1
| #define HAVE_STDINT_H 1
| #define HAVE_UNISTD_H 1
| #define HAVE_DLFCN_H 1
| #define LT_OBJDIR ".libs/"
| /* end confdefs.h.  */
| 
| int
| main ()
| {
| static int test_array [1 - 2 * !((__clang_minor__) < 0)];
| test_array [0] = 0;
| return test_array [0];
| 
|   ;
|   return 0;
| }
configure:13626: /opt/gcw0-toolchain/usr/bin/mipsel-linux-g++ -c  -std=c++11 -D_GLIBCXX_USE_C99 conftest.cpp >&5
conftest.cpp: In function 'int main()':
conftest.cpp:27:35: error: '__clang_patchlevel__' was not declared in this scope
 static int test_array [1 - 2 * !((__clang_patchlevel__) >= 0)];
                                   ^
conftest.cpp:28:1: error: 'test_array' was not declared in this scope
 test_array [0] = 0;
 ^
configure:13626: $? = 1
configure: failed program was:
| /* confdefs.h */
| #define PACKAGE_NAME "love"
| #define PACKAGE_TARNAME "love"
| #define PACKAGE_VERSION "11.3"
| #define PACKAGE_STRING "love 11.3"
| #define PACKAGE_BUGREPORT ""
| #define PACKAGE_URL ""
| #define PACKAGE "love"
| #define VERSION "11.3"
| #define STDC_HEADERS 1
| #define HAVE_SYS_TYPES_H 1
| #define HAVE_SYS_STAT_H 1
| #define HAVE_STDLIB_H 1
| #define HAVE_STRING_H 1
| #define HAVE_MEMORY_H 1
| #define HAVE_STRINGS_H 1
| #define HAVE_INTTYPES_H 1
| #define HAVE_STDINT_H 1
| #define HAVE_UNISTD_H 1
| #define HAVE_DLFCN_H 1
| #define LT_OBJDIR ".libs/"
| /* end confdefs.h.  */
| 
| int
| main ()
| {
| static int test_array [1 - 2 * !((__clang_patchlevel__) >= 0)];
| test_array [0] = 0;
| return test_array [0];
| 
|   ;
|   return 0;
| }
configure:13626: /opt/gcw0-toolchain/usr/bin/mipsel-linux-g++ -c  -std=c++11 -D_GLIBCXX_USE_C99 conftest.cpp >&5
conftest.cpp: In function 'int main()':
conftest.cpp:27:35: error: '__clang_patchlevel__' was not declared in this scope
 static int test_array [1 - 2 * !((__clang_patchlevel__) < 0)];
                                   ^
conftest.cpp:28:1: error: 'test_array' was not declared in this scope
 test_array [0] = 0;
 ^
configure:13626: $? = 1
configure: failed program was:
| /* confdefs.h */
| #define PACKAGE_NAME "love"
| #define PACKAGE_TARNAME "love"
| #define PACKAGE_VERSION "11.3"
| #define PACKAGE_STRING "love 11.3"
| #define PACKAGE_BUGREPORT ""
| #define PACKAGE_URL ""
| #define PACKAGE "love"
| #define VERSION "11.3"
| #define STDC_HEADERS 1
| #define HAVE_SYS_TYPES_H 1
| #define HAVE_SYS_STAT_H 1
| #define HAVE_STDLIB_H 1
| #define HAVE_STRING_H 1
| #define HAVE_MEMORY_H 1
| #define HAVE_STRINGS_H 1
| #define HAVE_INTTYPES_H 1
| #define HAVE_STDINT_H 1
| #define HAVE_UNISTD_H 1
| #define HAVE_DLFCN_H 1
| #define LT_OBJDIR ".libs/"
| /* end confdefs.h.  */
| 
| int
| main ()
| {
| static int test_array [1 - 2 * !((__clang_patchlevel__) < 0)];
| test_array [0] = 0;
| return test_array [0];
| 
|   ;
|   return 0;
| }
configure:13647: checking whether gcc version is at least 4.7
configure:13655: result: yes
configure:13908: checking for lua
configure:13915: $PKG_CONFIG --exists --print-errors "${with_lua}${with_luaversion}"
Package lua5.4 was not found in the pkg-config search path.
Perhaps you should add the directory containing `lua5.4.pc'
to the PKG_CONFIG_PATH environment variable
No package 'lua5.4' found
configure:13918: $? = 1
configure:13932: $PKG_CONFIG --exists --print-errors "${with_lua}${with_luaversion}"
Package lua5.4 was not found in the pkg-config search path.
Perhaps you should add the directory containing `lua5.4.pc'
to the PKG_CONFIG_PATH environment variable
No package 'lua5.4' found
configure:13935: $? = 1
configure:13949: result: no
Package lua5.4 was not found in the pkg-config search path.
Perhaps you should add the directory containing `lua5.4.pc'
to the PKG_CONFIG_PATH environment variable
No package 'lua5.4' found
configure:13967: checking for lua
configure:13974: $PKG_CONFIG --exists --print-errors "${with_lua}${with_clean_luaversion}"
Package lua54 was not found in the pkg-config search path.
Perhaps you should add the directory containing `lua54.pc'
to the PKG_CONFIG_PATH environment variable
No package 'lua54' found
configure:13977: $? = 1
configure:13991: $PKG_CONFIG --exists --print-errors "${with_lua}${with_clean_luaversion}"
Package lua54 was not found in the pkg-config search path.
Perhaps you should add the directory containing `lua54.pc'
to the PKG_CONFIG_PATH environment variable
No package 'lua54' found
configure:13994: $? = 1
configure:14008: result: no
Package lua54 was not found in the pkg-config search path.
Perhaps you should add the directory containing `lua54.pc'
to the PKG_CONFIG_PATH environment variable
No package 'lua54' found
configure:14026: checking for lua
configure:14033: $PKG_CONFIG --exists --print-errors "${with_lua}"
configure:14036: $? = 0
configure:14050: $PKG_CONFIG --exists --print-errors "${with_lua}"
configure:14053: $? = 0
configure:14111: result: yes
configure:14481: checking for library containing lua_call
configure:14483: result: -L/opt/gcw0-toolchain/usr/mipsel-gcw0-linux-uclibc/sysroot/usr/lib -llua  
configure:14600: checking for SDL
configure:14607: $PKG_CONFIG --exists --print-errors "sdl2 >= $min_sdl_version"
configure:14610: $? = 0
configure:14624: $PKG_CONFIG --exists --print-errors "sdl2 >= $min_sdl_version"
configure:14627: $? = 0
configure:14665: result: yes
configure:14915: checking for library containing sqrt
configure:14946: /opt/gcw0-toolchain/usr/bin/mipsel-linux-g++ -o conftest  -std=c++11 -D_GLIBCXX_USE_C99 -L/opt/gcw0-toolchain/usr/mipsel-gcw0-linux-uclibc/sysroot/opt/gcw0-toolchain/usr/mipsel-gcw0-linux-uclibc/sysroot/usr/lib -llua conftest.cpp  >&5
configure:14946: $? = 0
configure:14963: result: none required
configure:14976: checking for zlib
configure:14983: $PKG_CONFIG --exists --print-errors "zlib"
configure:14986: $? = 0
configure:15000: $PKG_CONFIG --exists --print-errors "zlib"
configure:15003: $? = 0
configure:15041: result: yes
configure:15046: checking for library containing pthread_create
configure:15077: /opt/gcw0-toolchain/usr/bin/mipsel-linux-g++ -o conftest  -std=c++11 -D_GLIBCXX_USE_C99 -L/opt/gcw0-toolchain/usr/mipsel-gcw0-linux-uclibc/sysroot/opt/gcw0-toolchain/usr/mipsel-gcw0-linux-uclibc/sysroot/usr/lib -llua conftest.cpp  >&5
/tmp/ccYD4mCm.o: In function `main':
conftest.cpp:(.text+0x1c): undefined reference to `pthread_create'
conftest.cpp:(.text+0x24): undefined reference to `pthread_create'
collect2: error: ld returned 1 exit status
configure:15077: $? = 1
configure: failed program was:
| /* confdefs.h */
| #define PACKAGE_NAME "love"
| #define PACKAGE_TARNAME "love"
| #define PACKAGE_VERSION "11.3"
| #define PACKAGE_STRING "love 11.3"
| #define PACKAGE_BUGREPORT ""
| #define PACKAGE_URL ""
| #define PACKAGE "love"
| #define VERSION "11.3"
| #define STDC_HEADERS 1
| #define HAVE_SYS_TYPES_H 1
| #define HAVE_SYS_STAT_H 1
| #define HAVE_STDLIB_H 1
| #define HAVE_STRING_H 1
| #define HAVE_MEMORY_H 1
| #define HAVE_STRINGS_H 1
| #define HAVE_INTTYPES_H 1
| #define HAVE_STDINT_H 1
| #define HAVE_UNISTD_H 1
| #define HAVE_DLFCN_H 1
| #define LT_OBJDIR ".libs/"
| /* end confdefs.h.  */
| 
| /* Override any GCC internal prototype to avoid an error.
|    Use char because int might match the return type of a GCC
|    builtin and then its argument prototype would still apply.  */
| #ifdef __cplusplus
| extern "C"
| #endif
| char pthread_create ();
| int
| main ()
| {
| return pthread_create ();
|   ;
|   return 0;
| }
configure:15077: /opt/gcw0-toolchain/usr/bin/mipsel-linux-g++ -o conftest  -std=c++11 -D_GLIBCXX_USE_C99 -L/opt/gcw0-toolchain/usr/mipsel-gcw0-linux-uclibc/sysroot/opt/gcw0-toolchain/usr/mipsel-gcw0-linux-uclibc/sysroot/usr/lib -llua conftest.cpp -lpthread   >&5
configure:15077: $? = 0
configure:15094: result: -lpthread
configure:15110: checking for openal
configure:15117: $PKG_CONFIG --exists --print-errors "openal"
configure:15120: $? = 0
configure:15134: $PKG_CONFIG --exists --print-errors "openal"
configure:15137: $? = 0
configure:15175: result: yes
configure:15184: checking for freetype2
configure:15191: $PKG_CONFIG --exists --print-errors "freetype2"
configure:15194: $? = 0
configure:15208: $PKG_CONFIG --exists --print-errors "freetype2"
configure:15211: $? = 0
configure:15249: result: yes
configure:15259: checking for libmodplug
configure:15266: $PKG_CONFIG --exists --print-errors "libmodplug"
configure:15269: $? = 0
configure:15283: $PKG_CONFIG --exists --print-errors "libmodplug"
configure:15286: $? = 0
configure:15324: result: yes
configure:15331: checking for vorbisfile
configure:15338: $PKG_CONFIG --exists --print-errors "vorbisfile"
configure:15341: $? = 0
configure:15355: $PKG_CONFIG --exists --print-errors "vorbisfile"
configure:15358: $? = 0
configure:15396: result: yes
configure:15408: checking for theora
configure:15415: $PKG_CONFIG --exists --print-errors "theoradec"
configure:15418: $? = 0
configure:15432: $PKG_CONFIG --exists --print-errors "theoradec"
configure:15435: $? = 0
configure:15473: result: yes
configure:15554: checking for library containing mpg123_open_feed
configure:15585: /opt/gcw0-toolchain/usr/bin/mipsel-linux-g++ -o conftest  -std=c++11 -D_GLIBCXX_USE_C99 -L/opt/gcw0-toolchain/usr/mipsel-gcw0-linux-uclibc/sysroot/opt/gcw0-toolchain/usr/mipsel-gcw0-linux-uclibc/sysroot/usr/lib -llua conftest.cpp -lpthread  >&5
/tmp/ccn6oLYr.o: In function `main':
conftest.cpp:(.text+0x1c): undefined reference to `mpg123_open_feed'
conftest.cpp:(.text+0x24): undefined reference to `mpg123_open_feed'
collect2: error: ld returned 1 exit status
configure:15585: $? = 1
configure: failed program was:
| /* confdefs.h */
| #define PACKAGE_NAME "love"
| #define PACKAGE_TARNAME "love"
| #define PACKAGE_VERSION "11.3"
| #define PACKAGE_STRING "love 11.3"
| #define PACKAGE_BUGREPORT ""
| #define PACKAGE_URL ""
| #define PACKAGE "love"
| #define VERSION "11.3"
| #define STDC_HEADERS 1
| #define HAVE_SYS_TYPES_H 1
| #define HAVE_SYS_STAT_H 1
| #define HAVE_STDLIB_H 1
| #define HAVE_STRING_H 1
| #define HAVE_MEMORY_H 1
| #define HAVE_STRINGS_H 1
| #define HAVE_INTTYPES_H 1
| #define HAVE_STDINT_H 1
| #define HAVE_UNISTD_H 1
| #define HAVE_DLFCN_H 1
| #define LT_OBJDIR ".libs/"
| /* end confdefs.h.  */
| 
| /* Override any GCC internal prototype to avoid an error.
|    Use char because int might match the return type of a GCC
|    builtin and then its argument prototype would still apply.  */
| #ifdef __cplusplus
| extern "C"
| #endif
| char mpg123_open_feed ();
| int
| main ()
| {
| return mpg123_open_feed ();
|   ;
|   return 0;
| }
configure:15585: /opt/gcw0-toolchain/usr/bin/mipsel-linux-g++ -o conftest  -std=c++11 -D_GLIBCXX_USE_C99 -L/opt/gcw0-toolchain/usr/mipsel-gcw0-linux-uclibc/sysroot/opt/gcw0-toolchain/usr/mipsel-gcw0-linux-uclibc/sysroot/usr/lib -llua conftest.cpp -lmpg123  -lpthread  >&5
configure:15585: $? = 0
configure:15602: result: -lmpg123
configure:15612: checking for library containing mpg123_seek_64
configure:15643: /opt/gcw0-toolchain/usr/bin/mipsel-linux-g++ -o conftest  -std=c++11 -D_GLIBCXX_USE_C99 -L/opt/gcw0-toolchain/usr/mipsel-gcw0-linux-uclibc/sysroot/opt/gcw0-toolchain/usr/mipsel-gcw0-linux-uclibc/sysroot/usr/lib -llua conftest.cpp -lmpg123 -lpthread  >&5
configure:15643: $? = 0
configure:15660: result: none required
configure:15770: checking for socklen_t
configure:15770: /opt/gcw0-toolchain/usr/bin/mipsel-linux-g++ -c  -std=c++11 -D_GLIBCXX_USE_C99 conftest.cpp >&5
configure:15770: $? = 0
configure:15770: /opt/gcw0-toolchain/usr/bin/mipsel-linux-g++ -c  -std=c++11 -D_GLIBCXX_USE_C99 conftest.cpp >&5
conftest.cpp: In function 'int main()':
conftest.cpp:30:23: error: expected primary-expression before ')' token
 if (sizeof ((socklen_t)))
                       ^
configure:15770: $? = 1
configure: failed program was:
| /* confdefs.h */
| #define PACKAGE_NAME "love"
| #define PACKAGE_TARNAME "love"
| #define PACKAGE_VERSION "11.3"
| #define PACKAGE_STRING "love 11.3"
| #define PACKAGE_BUGREPORT ""
| #define PACKAGE_URL ""
| #define PACKAGE "love"
| #define VERSION "11.3"
| #define STDC_HEADERS 1
| #define HAVE_SYS_TYPES_H 1
| #define HAVE_SYS_STAT_H 1
| #define HAVE_STDLIB_H 1
| #define HAVE_STRING_H 1
| #define HAVE_MEMORY_H 1
| #define HAVE_STRINGS_H 1
| #define HAVE_INTTYPES_H 1
| #define HAVE_STDINT_H 1
| #define HAVE_UNISTD_H 1
| #define HAVE_DLFCN_H 1
| #define LT_OBJDIR ".libs/"
| /* end confdefs.h.  */
| #include <sys/types.h>
| 		#include <sys/socket.h>
| 
| 
| int
| main ()
| {
| if (sizeof ((socklen_t)))
| 	    return 0;
|   ;
|   return 0;
| }
configure:15770: result: yes
configure:16351: checking for lua5.4
configure:16381: result: no
configure:16351: checking for lua
configure:16367: found /opt/gcw0-toolchain/usr/mipsel-gcw0-linux-uclibc/sysroot/usr/bin/lua
configure:16378: result: lua
configure:16502: checking that generated files are newer than configure
configure:16508: result: done
configure:16704: creating ./config.status

## ---------------------- ##
## Running config.status. ##
## ---------------------- ##

This file was extended by love config.status 11.3, which was
generated by GNU Autoconf 2.69.  Invocation command line was

  CONFIG_FILES    = 
  CONFIG_HEADERS  = 
  CONFIG_LINKS    = 
  CONFIG_COMMANDS = 
  $ ./config.status 

on bbruno5-VirtualBox

config.status:1293: creating Makefile
config.status:1293: creating src/Makefile
config.status:1293: creating platform/unix/debian/control
config.status:1293: creating platform/unix/debian/changelog
config.status:1293: creating platform/unix/debian/rules
config.status:1293: creating config.h
config.status:1474: config.h is unchanged
config.status:1522: executing depfiles commands
config.status:1522: executing libtool commands

## ---------------- ##
## Cache variables. ##
## ---------------- ##

ac_cv_build=mips-unknown-elf
ac_cv_c_bigendian=no
ac_cv_c_compiler_gnu=yes
ac_cv_cxx_compiler_gnu=yes
ac_cv_env_CCC_set=
ac_cv_env_CCC_value=
ac_cv_env_CC_set=set
ac_cv_env_CC_value=/opt/gcw0-toolchain/usr/bin/mipsel-linux-gcc
ac_cv_env_CFLAGS_set=set
ac_cv_env_CFLAGS_value='-Wall -mips32 -O3 -Wextra -fthread-jumps -fexpensive-optimizations -ffast-math -I/opt/gcw0-toolchain/usr/mipsel-gcw0-linux-uclibc/sysroot/usr/include/lua -I/opt/gcw0-toolchain/usr/include'
ac_cv_env_CPPFLAGS_set=set
ac_cv_env_CPPFLAGS_value=-D_GLIBCXX_USE_C99
ac_cv_env_CPP_set=
ac_cv_env_CPP_value=
ac_cv_env_CXXCPP_set=
ac_cv_env_CXXCPP_value=
ac_cv_env_CXXFLAGS_set=set
ac_cv_env_CXXFLAGS_value=
ac_cv_env_CXX_set=set
ac_cv_env_CXX_value=/opt/gcw0-toolchain/usr/bin/mipsel-linux-g++
ac_cv_env_LDFLAGS_set=set
ac_cv_env_LDFLAGS_value='-L/opt/gcw0-toolchain/usr/mipsel-gcw0-linux-uclibc/sysroot/opt/gcw0-toolchain/usr/mipsel-gcw0-linux-uclibc/sysroot/usr/lib -llua'
ac_cv_env_LIBS_set=
ac_cv_env_LIBS_value=
ac_cv_env_OBJCXXFLAGS_set=
ac_cv_env_OBJCXXFLAGS_value=
ac_cv_env_OBJCXX_set=
ac_cv_env_OBJCXX_value=
ac_cv_env_PKG_CONFIG_LIBDIR_set=
ac_cv_env_PKG_CONFIG_LIBDIR_value=
ac_cv_env_PKG_CONFIG_PATH_set=set
ac_cv_env_PKG_CONFIG_PATH_value=/opt/gcw0-toolchain/usr/mipsel-gcw0-linux-uclibc/sysroot/usr/lib/pkgconfig
ac_cv_env_PKG_CONFIG_set=set
ac_cv_env_PKG_CONFIG_value=/opt/gcw0-toolchain/usr/bin/pkg-config
ac_cv_env_SDL_CFLAGS_set=
ac_cv_env_SDL_CFLAGS_value=
ac_cv_env_SDL_LIBS_set=
ac_cv_env_SDL_LIBS_value=
ac_cv_env_build_alias_set=set
ac_cv_env_build_alias_value=mips
ac_cv_env_freetype2_CFLAGS_set=
ac_cv_env_freetype2_CFLAGS_value=
ac_cv_env_freetype2_LIBS_set=
ac_cv_env_freetype2_LIBS_value=
ac_cv_env_host_alias_set=set
ac_cv_env_host_alias_value=mipsel-linux
ac_cv_env_libmodplug_CFLAGS_set=
ac_cv_env_libmodplug_CFLAGS_value=
ac_cv_env_libmodplug_LIBS_set=
ac_cv_env_libmodplug_LIBS_value=
ac_cv_env_lua_CFLAGS_set=
ac_cv_env_lua_CFLAGS_value=
ac_cv_env_lua_LIBS_set=
ac_cv_env_lua_LIBS_value=
ac_cv_env_openal_CFLAGS_set=
ac_cv_env_openal_CFLAGS_value=
ac_cv_env_openal_LIBS_set=
ac_cv_env_openal_LIBS_value=
ac_cv_env_target_alias_set=
ac_cv_env_target_alias_value=
ac_cv_env_theora_CFLAGS_set=
ac_cv_env_theora_CFLAGS_value=
ac_cv_env_theora_LIBS_set=
ac_cv_env_theora_LIBS_value=
ac_cv_env_vorbisfile_CFLAGS_set=
ac_cv_env_vorbisfile_CFLAGS_value=
ac_cv_env_vorbisfile_LIBS_set=
ac_cv_env_vorbisfile_LIBS_value=
ac_cv_env_zlib_CFLAGS_set=
ac_cv_env_zlib_CFLAGS_value=
ac_cv_env_zlib_LIBS_set=
ac_cv_env_zlib_LIBS_value=
ac_cv_header_dlfcn_h=yes
ac_cv_header_inttypes_h=yes
ac_cv_header_memory_h=yes
ac_cv_header_stdc=yes
ac_cv_header_stdint_h=yes
ac_cv_header_stdlib_h=yes
ac_cv_header_string_h=yes
ac_cv_header_strings_h=yes
ac_cv_header_sys_stat_h=yes
ac_cv_header_sys_types_h=yes
ac_cv_header_unistd_h=yes
ac_cv_host=mipsel-unknown-linux-gnu
ac_cv_objcxx_compiler_gnu=no
ac_cv_objext=o
ac_cv_path_EGREP='/usr/bin/grep -E'
ac_cv_path_FGREP='/usr/bin/grep -F'
ac_cv_path_GREP=/usr/bin/grep
ac_cv_path_SED=/usr/bin/sed
ac_cv_path_install='/usr/bin/install -c'
ac_cv_path_mkdir=/usr/bin/mkdir
ac_cv_prog_AR=mipsel-linux-ar
ac_cv_prog_AWK=gawk
ac_cv_prog_CC=/opt/gcw0-toolchain/usr/bin/mipsel-linux-gcc
ac_cv_prog_CPP='/opt/gcw0-toolchain/usr/bin/mipsel-linux-gcc -E'
ac_cv_prog_CXXCPP='/opt/gcw0-toolchain/usr/bin/mipsel-linux-g++ -E'
ac_cv_prog_LUA_EXECUTABLE=lua
ac_cv_prog_OBJCXX=mipsel-linux-g++
ac_cv_prog_OBJDUMP=mipsel-linux-objdump
ac_cv_prog_RANLIB=mipsel-linux-ranlib
ac_cv_prog_STRIP=mipsel-linux-strip
ac_cv_prog_ac_ct_MANIFEST_TOOL=mt
ac_cv_prog_cc_c89=
ac_cv_prog_cc_g=yes
ac_cv_prog_cxx_g=yes
ac_cv_prog_make_make_set=yes
ac_cv_prog_objcxx_g=no
ac_cv_search_mpg123_open_feed=-lmpg123
ac_cv_search_mpg123_seek_64='none required'
ac_cv_search_pthread_create=-lpthread
ac_cv_search_sqrt='none required'
ac_cv_type_socklen_t=yes
am_cv_CC_dependencies_compiler_type=gcc3
am_cv_CXX_dependencies_compiler_type=gcc3
am_cv_OBJCXX_dependencies_compiler_type=gcc3
am_cv_ar_interface=ar
am_cv_make_support_nested_variables=yes
am_cv_prog_cc_c_o=yes
am_cv_prog_tar_ustar=gnutar
lt_cv_ar_at_file=@
lt_cv_archive_cmds_need_lc=no
lt_cv_deplibs_check_method=pass_all
lt_cv_file_magic_cmd='$MAGIC_CMD'
lt_cv_file_magic_test_file=
lt_cv_ld_reload_flag=-r
lt_cv_nm_interface='BSD nm'
lt_cv_objdir=.libs
lt_cv_path_LD=/opt/gcw0-toolchain/usr/mipsel-gcw0-linux-uclibc/bin/ld
lt_cv_path_LDCXX=/opt/gcw0-toolchain/usr/mipsel-gcw0-linux-uclibc/bin/ld
lt_cv_path_NM='/opt/gcw0-toolchain/usr/bin/mipsel-linux-nm -B'
lt_cv_path_mainfest_tool=no
lt_cv_prog_compiler_c_o=yes
lt_cv_prog_compiler_c_o_CXX=yes
lt_cv_prog_compiler_pic='-fPIC -DPIC'
lt_cv_prog_compiler_pic_CXX='-fPIC -DPIC'
lt_cv_prog_compiler_pic_works=yes
lt_cv_prog_compiler_pic_works_CXX=yes
lt_cv_prog_compiler_rtti_exceptions=no
lt_cv_prog_compiler_static_works=yes
lt_cv_prog_compiler_static_works_CXX=yes
lt_cv_prog_gnu_ld=yes
lt_cv_prog_gnu_ldcxx=yes
lt_cv_sharedlib_from_linklib_cmd='printf %s\n'
lt_cv_shlibpath_overrides_runpath=no
lt_cv_sys_global_symbol_pipe='sed -n -e '\''s/^.*[	 ]\([ABCDGIRSTW][ABCDGIRSTW]*\)[	 ][	 ]*\([_A-Za-z][_A-Za-z0-9]*\)$/\1 \2 \2/p'\'' | sed '\''/ __gnu_lto/d'\'''
lt_cv_sys_global_symbol_to_c_name_address='sed -n -e '\''s/^: \([^ ]*\)[ ]*$/  {\"\1\", (void *) 0},/p'\'' -e '\''s/^[ABCDGIRSTW]* \([^ ]*\) \([^ ]*\)$/  {"\2", (void *) \&\2},/p'\'''
lt_cv_sys_global_symbol_to_c_name_address_lib_prefix='sed -n -e '\''s/^: \([^ ]*\)[ ]*$/  {\"\1\", (void *) 0},/p'\'' -e '\''s/^[ABCDGIRSTW]* \([^ ]*\) \(lib[^ ]*\)$/  {"\2", (void *) \&\2},/p'\'' -e '\''s/^[ABCDGIRSTW]* \([^ ]*\) \([^ ]*\)$/  {"lib\2", (void *) \&\2},/p'\'''
lt_cv_sys_global_symbol_to_cdecl='sed -n -e '\''s/^T .* \(.*\)$/extern int \1();/p'\'' -e '\''s/^[ABCDGIRSTW]* .* \(.*\)$/extern char \1;/p'\'''
lt_cv_sys_max_cmd_len=1572864
lt_cv_to_host_file_cmd=func_convert_file_noop
lt_cv_to_tool_file_cmd=func_convert_file_noop
pkg_cv_SDL_CFLAGS='-I/opt/gcw0-toolchain/usr/mipsel-gcw0-linux-uclibc/sysroot/usr/include/SDL2  -D_REENTRANT  '
pkg_cv_SDL_LIBS='-L/opt/gcw0-toolchain/usr/mipsel-gcw0-linux-uclibc/sysroot/usr/lib -lSDL2  -lpthread  '
pkg_cv_freetype2_CFLAGS='-I/opt/gcw0-toolchain/usr/mipsel-gcw0-linux-uclibc/sysroot/usr/include/freetype2 -I/opt/gcw0-toolchain/usr/mipsel-gcw0-linux-uclibc/sysroot/usr/include  '
pkg_cv_freetype2_LIBS='-L/opt/gcw0-toolchain/usr/mipsel-gcw0-linux-uclibc/sysroot/usr/lib -lfreetype  '
pkg_cv_libmodplug_CFLAGS='-I/opt/gcw0-toolchain/usr/mipsel-gcw0-linux-uclibc/sysroot/usr/include  '
pkg_cv_libmodplug_LIBS='-L/opt/gcw0-toolchain/usr/mipsel-gcw0-linux-uclibc/sysroot/usr/lib -lmodplug  '
pkg_cv_lua_CFLAGS='-I/opt/gcw0-toolchain/usr/mipsel-gcw0-linux-uclibc/sysroot/usr/include/lua  '
pkg_cv_lua_LIBS='-L/opt/gcw0-toolchain/usr/mipsel-gcw0-linux-uclibc/sysroot/usr/lib -llua  '
pkg_cv_openal_CFLAGS='-I/opt/gcw0-toolchain/usr/mipsel-gcw0-linux-uclibc/sysroot/usr/include -I/opt/gcw0-toolchain/usr/mipsel-gcw0-linux-uclibc/sysroot/usr/include/AL  '
pkg_cv_openal_LIBS='-L/opt/gcw0-toolchain/usr/mipsel-gcw0-linux-uclibc/sysroot/usr/lib -lopenal  '
pkg_cv_theora_CFLAGS='-I/opt/gcw0-toolchain/usr/mipsel-gcw0-linux-uclibc/sysroot/usr/include  '
pkg_cv_theora_LIBS='-ltheoradec -L/opt/gcw0-toolchain/usr/mipsel-gcw0-linux-uclibc/sysroot/usr/lib -logg  '
pkg_cv_vorbisfile_CFLAGS='-I/opt/gcw0-toolchain/usr/mipsel-gcw0-linux-uclibc/sysroot/usr/include  '
pkg_cv_vorbisfile_LIBS='-L/opt/gcw0-toolchain/usr/mipsel-gcw0-linux-uclibc/sysroot/usr/lib -lvorbisfile  '
pkg_cv_zlib_CFLAGS='-I/opt/gcw0-toolchain/usr/mipsel-gcw0-linux-uclibc/sysroot/usr/include  '
pkg_cv_zlib_LIBS='-L/opt/gcw0-toolchain/usr/mipsel-gcw0-linux-uclibc/sysroot/usr/lib -lz  '

## ----------------- ##
## Output variables. ##
## ----------------- ##

ACLOCAL='${SHELL} /opt/love-rg350/platform/unix/missing aclocal-1.14'
AMDEPBACKSLASH='\'
AMDEP_FALSE='#'
AMDEP_TRUE=''
AMTAR='$${TAR-tar}'
AM_BACKSLASH='\'
AM_DEFAULT_V='$(AM_DEFAULT_VERBOSITY)'
AM_DEFAULT_VERBOSITY='1'
AM_V='$(V)'
AR='mipsel-linux-ar'
AUTOCONF='${SHELL} /opt/love-rg350/platform/unix/missing autoconf'
AUTOHEADER='${SHELL} /opt/love-rg350/platform/unix/missing autoheader'
AUTOMAKE='${SHELL} /opt/love-rg350/platform/unix/missing automake-1.14'
AWK='gawk'
CC='/opt/gcw0-toolchain/usr/bin/mipsel-linux-gcc'
CCDEPMODE='depmode=gcc3'
CFLAGS='-Wall -mips32 -O3 -Wextra -fthread-jumps -fexpensive-optimizations -ffast-math -I/opt/gcw0-toolchain/usr/mipsel-gcw0-linux-uclibc/sysroot/usr/include/lua -I/opt/gcw0-toolchain/usr/include'
CPP='/opt/gcw0-toolchain/usr/bin/mipsel-linux-gcc -E'
CPPFLAGS='-D_GLIBCXX_USE_C99'
CXX='/opt/gcw0-toolchain/usr/bin/mipsel-linux-g++'
CXXCPP='/opt/gcw0-toolchain/usr/bin/mipsel-linux-g++ -E'
CXXDEPMODE='depmode=gcc3'
CXXFLAGS=' -std=c++11'
CYGPATH_W='echo'
DEFS='-DHAVE_CONFIG_H'
DEPDIR='.deps'
DLLTOOL='false'
DSYMUTIL=''
DUMPBIN=''
ECHO_C=''
ECHO_N='-n'
ECHO_T=''
EGREP='/usr/bin/grep -E'
EXEEXT=''
FGREP='/usr/bin/grep -F'
FILE_OFFSET='-D_FILE_OFFSET_BITS=64'
GREP='/usr/bin/grep'
INSTALL_DATA='${INSTALL} -m 644'
INSTALL_PROGRAM='${INSTALL}'
INSTALL_SCRIPT='${INSTALL}'
INSTALL_STRIP_PROGRAM='$(install_sh) -c -s'
LD='/opt/gcw0-toolchain/usr/mipsel-gcw0-linux-uclibc/bin/ld'
LDFLAGS='-L/opt/gcw0-toolchain/usr/mipsel-gcw0-linux-uclibc/sysroot/opt/gcw0-toolchain/usr/mipsel-gcw0-linux-uclibc/sysroot/usr/lib -llua'
LIBOBJS=''
LIBS='-lmpg123 -lpthread '
LIBTOOL='$(SHELL) $(top_builddir)/libtool'
LIPO=''
LN_S='ln -s'
LOVE_BUILD_EXE_FALSE='#'
LOVE_BUILD_EXE_TRUE=''
LOVE_INCLUDES=''
LOVE_LIBRARY_BOX2D_FALSE='#'
LOVE_LIBRARY_BOX2D_TRUE=''
LOVE_LIBRARY_DDSPARSE_FALSE='#'
LOVE_LIBRARY_DDSPARSE_TRUE=''
LOVE_LIBRARY_DR_FLAC_FALSE=''
LOVE_LIBRARY_DR_FLAC_TRUE='#'
LOVE_LIBRARY_ENET_FALSE='#'
LOVE_LIBRARY_ENET_TRUE=''
LOVE_LIBRARY_GLAD_FALSE='#'
LOVE_LIBRARY_GLAD_TRUE=''
LOVE_LIBRARY_GLSLANG_FALSE='#'
LOVE_LIBRARY_GLSLANG_TRUE=''
LOVE_LIBRARY_LODEPNG_FALSE='#'
LOVE_LIBRARY_LODEPNG_TRUE=''
LOVE_LIBRARY_LUA53_FALSE='#'
LOVE_LIBRARY_LUA53_TRUE=''
LOVE_LIBRARY_LUASOCKET_FALSE='#'
LOVE_LIBRARY_LUASOCKET_TRUE=''
LOVE_LIBRARY_LZ4_FALSE='#'
LOVE_LIBRARY_LZ4_TRUE=''
LOVE_LIBRARY_NOISE1234_FALSE='#'
LOVE_LIBRARY_NOISE1234_TRUE=''
LOVE_LIBRARY_PHYSFS_FALSE='#'
LOVE_LIBRARY_PHYSFS_TRUE=''
LOVE_LIBRARY_STB_FALSE='#'
LOVE_LIBRARY_STB_TRUE=''
LOVE_LIBRARY_TINYEXR_FALSE='#'
LOVE_LIBRARY_TINYEXR_TRUE=''
LOVE_LIBRARY_UTF8_FALSE='#'
LOVE_LIBRARY_UTF8_TRUE=''
LOVE_LIBRARY_WUFF_FALSE='#'
LOVE_LIBRARY_WUFF_TRUE=''
LOVE_LIBRARY_XXHASH_FALSE='#'
LOVE_LIBRARY_XXHASH_TRUE=''
LOVE_MODULE_AUDIO_FALSE='#'
LOVE_MODULE_AUDIO_TRUE=''
LOVE_MODULE_DATA_FALSE='#'
LOVE_MODULE_DATA_TRUE=''
LOVE_MODULE_EVENT_FALSE='#'
LOVE_MODULE_EVENT_TRUE=''
LOVE_MODULE_FILESYSTEM_FALSE='#'
LOVE_MODULE_FILESYSTEM_TRUE=''
LOVE_MODULE_FONT_FALSE='#'
LOVE_MODULE_FONT_TRUE=''
LOVE_MODULE_GRAPHICS_FALSE='#'
LOVE_MODULE_GRAPHICS_TRUE=''
LOVE_MODULE_IMAGE_FALSE='#'
LOVE_MODULE_IMAGE_TRUE=''
LOVE_MODULE_JOYSTICK_FALSE='#'
LOVE_MODULE_JOYSTICK_TRUE=''
LOVE_MODULE_KEYBOARD_FALSE='#'
LOVE_MODULE_KEYBOARD_TRUE=''
LOVE_MODULE_LOVE_FALSE='#'
LOVE_MODULE_LOVE_TRUE=''
LOVE_MODULE_MATH_FALSE='#'
LOVE_MODULE_MATH_TRUE=''
LOVE_MODULE_MOUSE_FALSE='#'
LOVE_MODULE_MOUSE_TRUE=''
LOVE_MODULE_PHYSICS_FALSE='#'
LOVE_MODULE_PHYSICS_TRUE=''
LOVE_MODULE_SOUND_FALSE='#'
LOVE_MODULE_SOUND_TRUE=''
LOVE_MODULE_SYSTEM_FALSE='#'
LOVE_MODULE_SYSTEM_TRUE=''
LOVE_MODULE_THREAD_FALSE='#'
LOVE_MODULE_THREAD_TRUE=''
LOVE_MODULE_TIMER_FALSE='#'
LOVE_MODULE_TIMER_TRUE=''
LOVE_MODULE_TOUCH_FALSE='#'
LOVE_MODULE_TOUCH_TRUE=''
LOVE_MODULE_VIDEO_FALSE='#'
LOVE_MODULE_VIDEO_TRUE=''
LOVE_MODULE_WINDOW_FALSE='#'
LOVE_MODULE_WINDOW_TRUE=''
LOVE_NOMPG123_FALSE=''
LOVE_NOMPG123_TRUE='#'
LOVE_SUFFIX=''
LOVE_TARGET_OSX_FALSE=''
LOVE_TARGET_OSX_TRUE='#'
LTLIBOBJS=''
LUA_EXECUTABLE='lua'
MAKEINFO='${SHELL} /opt/love-rg350/platform/unix/missing makeinfo'
MANIFEST_TOOL=':'
MKDIR_P='/usr/bin/mkdir -p'
NM='/opt/gcw0-toolchain/usr/bin/mipsel-linux-nm -B'
NMEDIT=''
OBJCXX='mipsel-linux-g++'
OBJCXXDEPMODE='depmode=gcc3'
OBJCXXFLAGS=''
OBJDUMP='mipsel-linux-objdump'
OBJEXT='o'
OTOOL64=''
OTOOL=''
PACKAGE='love'
PACKAGE_BUGREPORT=''
PACKAGE_NAME='love'
PACKAGE_STRING='love 11.3'
PACKAGE_TARNAME='love'
PACKAGE_URL=''
PACKAGE_VERSION='11.3'
PATH_SEPARATOR=':'
PKG_CONFIG='/opt/gcw0-toolchain/usr/bin/pkg-config'
PKG_CONFIG_LIBDIR=''
PKG_CONFIG_PATH='/opt/gcw0-toolchain/usr/mipsel-gcw0-linux-uclibc/sysroot/usr/lib/pkgconfig'
RANLIB='mipsel-linux-ranlib'
SDL2_CONFIG='pkg-config sdl2'
SDL_CFLAGS='-I/opt/gcw0-toolchain/usr/mipsel-gcw0-linux-uclibc/sysroot/usr/include/SDL2  -D_REENTRANT  '
SDL_LIBS='-L/opt/gcw0-toolchain/usr/mipsel-gcw0-linux-uclibc/sysroot/usr/lib -lSDL2  -lpthread  '
SED='/usr/bin/sed'
SET_MAKE=''
SHELL='/bin/bash'
STRIP='mipsel-linux-strip'
VERSION='11.3'
ac_ct_AR=''
ac_ct_CC=''
ac_ct_CXX=''
ac_ct_DUMPBIN=''
ac_ct_OBJCXX=''
am__EXEEXT_FALSE=''
am__EXEEXT_TRUE='#'
am__fastdepCC_FALSE='#'
am__fastdepCC_TRUE=''
am__fastdepCXX_FALSE='#'
am__fastdepCXX_TRUE=''
am__fastdepOBJCXX_FALSE='#'
am__fastdepOBJCXX_TRUE=''
am__include='include'
am__isrc=''
am__leading_dot='.'
am__nodep='_no'
am__quote=''
am__tar='tar --format=ustar -chf - "$$tardir"'
am__untar='tar -xf -'
bindir='/opt/gcw0-toolchain/usr/bin:/opt/gcw0-toolchain/usr/mipsel-gcw0-linux-uclibc/sysroot/usr/bin'
build='mips-unknown-elf'
build_alias='mips'
build_cpu='mips'
build_os='elf'
build_vendor='unknown'
datadir='${datarootdir}'
datarootdir='/opt/gcw0-toolchain/usr/share:/opt/gcw0-toolchain/usr/mipsel-gcw0-linux-uclibc/sysroot/usr/share'
docdir='${datarootdir}/doc/${PACKAGE_TARNAME}'
dvidir='${docdir}'
exec_prefix='${prefix}'
freetype2_CFLAGS='-I/opt/gcw0-toolchain/usr/mipsel-gcw0-linux-uclibc/sysroot/usr/include/freetype2 -I/opt/gcw0-toolchain/usr/mipsel-gcw0-linux-uclibc/sysroot/usr/include  '
freetype2_LIBS='-L/opt/gcw0-toolchain/usr/mipsel-gcw0-linux-uclibc/sysroot/usr/lib -lfreetype  '
host='mipsel-unknown-linux-gnu'
host_alias='mipsel-linux'
host_cpu='mipsel'
host_os='linux-gnu'
host_vendor='unknown'
htmldir='${docdir}'
includedir='/opt/gcw0-toolchain/usr/include:/opt/gcw0-toolchain/usr/mipsel-gcw0-linux-uclibc/sysroot/usr/include'
infodir='${datarootdir}/info'
install_sh='${SHELL} /opt/love-rg350/platform/unix/install-sh'
libdir='/opt/gcw0-toolchain/usr/lib:/opt/gcw0-toolchain/usr/mipsel-gcw0-linux-uclibc/sysroot/usr/lib'
libexecdir='${exec_prefix}/libexec'
libmodplug_CFLAGS='-I/opt/gcw0-toolchain/usr/mipsel-gcw0-linux-uclibc/sysroot/usr/include  '
libmodplug_LIBS='-L/opt/gcw0-toolchain/usr/mipsel-gcw0-linux-uclibc/sysroot/usr/lib -lmodplug  '
localedir='${datarootdir}/locale'
localstatedir='${prefix}/var'
lua_CFLAGS='-I/opt/gcw0-toolchain/usr/mipsel-gcw0-linux-uclibc/sysroot/usr/include/lua  '
lua_LIBS='-L/opt/gcw0-toolchain/usr/mipsel-gcw0-linux-uclibc/sysroot/usr/lib -llua  '
mandir='${datarootdir}/man'
mkdir_p='$(MKDIR_P)'
oldincludedir='/usr/include'
openal_CFLAGS='-I/opt/gcw0-toolchain/usr/mipsel-gcw0-linux-uclibc/sysroot/usr/include -I/opt/gcw0-toolchain/usr/mipsel-gcw0-linux-uclibc/sysroot/usr/include/AL  '
openal_LIBS='-L/opt/gcw0-toolchain/usr/mipsel-gcw0-linux-uclibc/sysroot/usr/lib -lopenal  '
pdfdir='${docdir}'
prefix='/usr'
program_transform_name='s,x,x,'
psdir='${docdir}'
sbindir='${exec_prefix}/sbin'
sharedstatedir='${prefix}/com'
sysconfdir='${prefix}/etc'
target_alias=''
theora_CFLAGS='-I/opt/gcw0-toolchain/usr/mipsel-gcw0-linux-uclibc/sysroot/usr/include  '
theora_LIBS='-ltheoradec -L/opt/gcw0-toolchain/usr/mipsel-gcw0-linux-uclibc/sysroot/usr/lib -logg  '
vorbisfile_CFLAGS='-I/opt/gcw0-toolchain/usr/mipsel-gcw0-linux-uclibc/sysroot/usr/include  '
vorbisfile_LIBS='-L/opt/gcw0-toolchain/usr/mipsel-gcw0-linux-uclibc/sysroot/usr/lib -lvorbisfile  '
zlib_CFLAGS='-I/opt/gcw0-toolchain/usr/mipsel-gcw0-linux-uclibc/sysroot/usr/include  '
zlib_LIBS='-L/opt/gcw0-toolchain/usr/mipsel-gcw0-linux-uclibc/sysroot/usr/lib -lz  '

## ----------- ##
## confdefs.h. ##
## ----------- ##

/* confdefs.h */
#define PACKAGE_NAME "love"
#define PACKAGE_TARNAME "love"
#define PACKAGE_VERSION "11.3"
#define PACKAGE_STRING "love 11.3"
#define PACKAGE_BUGREPORT ""
#define PACKAGE_URL ""
#define PACKAGE "love"
#define VERSION "11.3"
#define STDC_HEADERS 1
#define HAVE_SYS_TYPES_H 1
#define HAVE_SYS_STAT_H 1
#define HAVE_STDLIB_H 1
#define HAVE_STRING_H 1
#define HAVE_MEMORY_H 1
#define HAVE_STRINGS_H 1
#define HAVE_INTTYPES_H 1
#define HAVE_STDINT_H 1
#define HAVE_UNISTD_H 1
#define HAVE_DLFCN_H 1
#define LT_OBJDIR ".libs/"
#define HAS_SOCKLEN_T 1
#define LOVE_ENABLE_AUDIO /**/
#define LOVE_ENABLE_DATA /**/
#define LOVE_ENABLE_EVENT /**/
#define LOVE_ENABLE_FILESYSTEM /**/
#define LOVE_ENABLE_FONT /**/
#define LOVE_ENABLE_GRAPHICS /**/
#define LOVE_ENABLE_IMAGE /**/
#define LOVE_ENABLE_JOYSTICK /**/
#define LOVE_ENABLE_KEYBOARD /**/
#define LOVE_ENABLE_LOVE /**/
#define LOVE_ENABLE_MATH /**/
#define LOVE_ENABLE_MOUSE /**/
#define LOVE_ENABLE_PHYSICS /**/
#define LOVE_ENABLE_SOUND /**/
#define LOVE_ENABLE_SYSTEM /**/
#define LOVE_ENABLE_THREAD /**/
#define LOVE_ENABLE_TIMER /**/
#define LOVE_ENABLE_TOUCH /**/
#define LOVE_ENABLE_VIDEO /**/
#define LOVE_ENABLE_WINDOW /**/
#define LOVE_ENABLE_BOX2D /**/
#define LOVE_ENABLE_DDSPARSE /**/
#define LOVE_ENABLE_ENET /**/
#define LOVE_ENABLE_GLAD /**/
#define LOVE_ENABLE_GLSLANG /**/
#define LOVE_ENABLE_LODEPNG /**/
#define LOVE_ENABLE_LUA53 /**/
#define LOVE_ENABLE_LUASOCKET /**/
#define LOVE_ENABLE_LZ4 /**/
#define LOVE_ENABLE_NOISE1234 /**/
#define LOVE_ENABLE_PHYSFS /**/
#define LOVE_ENABLE_STB /**/
#define LOVE_ENABLE_TINYEXR /**/
#define LOVE_ENABLE_UTF8 /**/
#define LOVE_ENABLE_WUFF /**/
#define LOVE_ENABLE_XXHASH /**/
#define LOVE_BUILD_EXE /**/

configure: exit 0
